Building DAG of jobs...
Using shell: /bin/bash
Provided cores: 4
Rules claiming more threads will be scaled down.
Job stats:
job           count    min threads    max threads
----------  -------  -------------  -------------
all               1              1              1
hg19_ichor        2              1              1
hg38_ichor        2              1              1
total             5              1              1

Resources before job selection: {'_cores': 4, '_nodes': 9223372036854775807}
Ready jobs (4):
	hg38_ichor
	hg19_ichor
	hg38_ichor
	hg19_ichor
Select jobs to execute...
Selected jobs (4):
	hg38_ichor
	hg19_ichor
	hg38_ichor
	hg19_ichor
Resources after job selection: {'_cores': 0, '_nodes': 9223372036854775803}

[Tue Aug 23 09:31:56 2022]
rule hg38_ichor:
    input: test/wig/lib004_hg38_frag90_150.wig
    output: test/ichor_hg38/lib004_hg38_frag90_150.cna.seg
    jobid: 12
    wildcards: library_id=lib004_hg38, frag_distro=90_150
    resources: tmpdir=/tmp


        Rscript .//workflow/scripts/MOD_runIchorCNA.R          --id lib004_hg38_frag90_150          --WIG test/wig/lib004_hg38_frag90_150.wig          --gcWig /opt/ichorCNA/inst/extdata/gc_hg38_1000kb.wig          --mapWig /opt/ichorCNA/inst/extdata/map_hg38_1000kb.wig          --centromere /opt/ichorCNA/inst/extdata/GRCh38.GCA_000001405.2_centromere_acen.txt          --normal "c(0.95, 0.99, 0.995, 0.999)"          --ploidy "c(2)"          --maxCN 3          --estimateScPrevalence FALSE          --scStates "c()"          --outDir test/ichor_hg38
        
 singularity  exec --home /home/jeszyman/repos/cfdna-cna --bind /home/jeszyman:/home/jeszyman --bind /mnt:/mnt --bind /opt/miniconda3/envs/snakemake/lib/python3.9/site-packages:/mnt/snakemake /home/jeszyman/sing_containers/mpnst.sif bash -c 'Rscript .//workflow/scripts/MOD_runIchorCNA.R          --id lib004_hg38_frag90_150          --WIG test/wig/lib004_hg38_frag90_150.wig          --gcWig /opt/ichorCNA/inst/extdata/gc_hg38_1000kb.wig          --mapWig /opt/ichorCNA/inst/extdata/map_hg38_1000kb.wig          --centromere /opt/ichorCNA/inst/extdata/GRCh38.GCA_000001405.2_centromere_acen.txt          --normal "c(0.95, 0.99, 0.995, 0.999)"          --ploidy "c(2)"          --maxCN 3          --estimateScPrevalence FALSE          --scStates "c()"          --outDir test/ichor_hg38'
Activating singularity image /home/jeszyman/sing_containers/mpnst.sif

[Tue Aug 23 09:31:56 2022]
rule hg19_ichor:
    input: test/wig/lib002_hg19_frag90_150.wig
    output: test/ichor_hg19/lib002_hg19_frag90_150.cna.seg
    jobid: 10
    wildcards: library_id=lib002_hg19, frag_distro=90_150
    resources: tmpdir=/tmp


        Rscript .//workflow/scripts/MOD_runIchorCNA.R          --id lib002_hg19_frag90_150          --WIG test/wig/lib002_hg19_frag90_150.wig          --gcWig /opt/ichorCNA/inst/extdata/gc_hg19_1000kb.wig          --normal "c(0.95, 0.99, 0.995, 0.999)"          --ploidy "c(2)"          --maxCN 3          --estimateScPrevalence FALSE          --scStates "c()"          --outDir test/ichor_hg19
        
 singularity  exec --home /home/jeszyman/repos/cfdna-cna --bind /home/jeszyman:/home/jeszyman --bind /mnt:/mnt --bind /opt/miniconda3/envs/snakemake/lib/python3.9/site-packages:/mnt/snakemake /home/jeszyman/sing_containers/mpnst.sif bash -c 'Rscript .//workflow/scripts/MOD_runIchorCNA.R          --id lib002_hg19_frag90_150          --WIG test/wig/lib002_hg19_frag90_150.wig          --gcWig /opt/ichorCNA/inst/extdata/gc_hg19_1000kb.wig          --normal "c(0.95, 0.99, 0.995, 0.999)"          --ploidy "c(2)"          --maxCN 3          --estimateScPrevalence FALSE          --scStates "c()"          --outDir test/ichor_hg19'

Activating singularity image /home/jeszyman/sing_containers/mpnst.sif
[Tue Aug 23 09:31:56 2022]
rule hg38_ichor:
    input: test/wig/lib003_hg38_frag90_150.wig
    output: test/ichor_hg38/lib003_hg38_frag90_150.cna.seg
    jobid: 11
    wildcards: library_id=lib003_hg38, frag_distro=90_150
    resources: tmpdir=/tmp


        Rscript .//workflow/scripts/MOD_runIchorCNA.R          --id lib003_hg38_frag90_150          --WIG test/wig/lib003_hg38_frag90_150.wig          --gcWig /opt/ichorCNA/inst/extdata/gc_hg38_1000kb.wig          --mapWig /opt/ichorCNA/inst/extdata/map_hg38_1000kb.wig          --centromere /opt/ichorCNA/inst/extdata/GRCh38.GCA_000001405.2_centromere_acen.txt          --normal "c(0.95, 0.99, 0.995, 0.999)"          --ploidy "c(2)"          --maxCN 3          --estimateScPrevalence FALSE          --scStates "c()"          --outDir test/ichor_hg38
        
 singularity  exec --home /home/jeszyman/repos/cfdna-cna --bind /home/jeszyman:/home/jeszyman --bind /mnt:/mnt --bind /opt/miniconda3/envs/snakemake/lib/python3.9/site-packages:/mnt/snakemake /home/jeszyman/sing_containers/mpnst.sif bash -c 'Rscript .//workflow/scripts/MOD_runIchorCNA.R          --id lib003_hg38_frag90_150          --WIG test/wig/lib003_hg38_frag90_150.wig          --gcWig /opt/ichorCNA/inst/extdata/gc_hg38_1000kb.wig          --mapWig /opt/ichorCNA/inst/extdata/map_hg38_1000kb.wig          --centromere /opt/ichorCNA/inst/extdata/GRCh38.GCA_000001405.2_centromere_acen.txt          --normal "c(0.95, 0.99, 0.995, 0.999)"          --ploidy "c(2)"          --maxCN 3          --estimateScPrevalence FALSE          --scStates "c()"          --outDir test/ichor_hg38'

Activating singularity image /home/jeszyman/sing_containers/mpnst.sif
[Tue Aug 23 09:31:56 2022]
rule hg19_ichor:
    input: test/wig/lib001_hg19_frag90_150.wig
    output: test/ichor_hg19/lib001_hg19_frag90_150.cna.seg
    jobid: 9
    wildcards: library_id=lib001_hg19, frag_distro=90_150
    resources: tmpdir=/tmp


        Rscript .//workflow/scripts/MOD_runIchorCNA.R          --id lib001_hg19_frag90_150          --WIG test/wig/lib001_hg19_frag90_150.wig          --gcWig /opt/ichorCNA/inst/extdata/gc_hg19_1000kb.wig          --normal "c(0.95, 0.99, 0.995, 0.999)"          --ploidy "c(2)"          --maxCN 3          --estimateScPrevalence FALSE          --scStates "c()"          --outDir test/ichor_hg19
        
 singularity  exec --home /home/jeszyman/repos/cfdna-cna --bind /home/jeszyman:/home/jeszyman --bind /mnt:/mnt --bind /opt/miniconda3/envs/snakemake/lib/python3.9/site-packages:/mnt/snakemake /home/jeszyman/sing_containers/mpnst.sif bash -c 'Rscript .//workflow/scripts/MOD_runIchorCNA.R          --id lib001_hg19_frag90_150          --WIG test/wig/lib001_hg19_frag90_150.wig          --gcWig /opt/ichorCNA/inst/extdata/gc_hg19_1000kb.wig          --normal "c(0.95, 0.99, 0.995, 0.999)"          --ploidy "c(2)"          --maxCN 3          --estimateScPrevalence FALSE          --scStates "c()"          --outDir test/ichor_hg19'
Activating singularity image /home/jeszyman/sing_containers/mpnst.sif
[Tue Aug 23 09:32:09 2022]
Finished job 11.
1 of 5 steps (20%) done
[Tue Aug 23 09:32:10 2022]
Finished job 12.
2 of 5 steps (40%) done
[Tue Aug 23 09:32:11 2022]
Finished job 9.
3 of 5 steps (60%) done
[Tue Aug 23 09:32:13 2022]
Finished job 10.
4 of 5 steps (80%) done
Resources before job selection: {'_cores': 4, '_nodes': 9223372036854775807}
Ready jobs (1):
	all
Select jobs to execute...
Selected jobs (1):
	all
Resources after job selection: {'_cores': 3, '_nodes': 9223372036854775806}

[Tue Aug 23 09:32:13 2022]
localrule all:
    input: test/frag-bam/lib001_hg19_frag90_150.bam, test/frag-bam/lib002_hg19_frag90_150.bam, test/frag-bam/lib003_hg38_frag90_150.bam, test/frag-bam/lib004_hg38_frag90_150.bam, test/wig/lib001_hg19_frag90_150.wig, test/wig/lib002_hg19_frag90_150.wig, test/wig/lib003_hg38_frag90_150.wig, test/wig/lib004_hg38_frag90_150.wig, test/ichor_hg19/lib001_hg19_frag90_150.cna.seg, test/ichor_hg19/lib002_hg19_frag90_150.cna.seg, test/ichor_hg38/lib003_hg38_frag90_150.cna.seg, test/ichor_hg38/lib004_hg38_frag90_150.cna.seg
    jobid: 0
    resources: tmpdir=/tmp

[Tue Aug 23 09:32:13 2022]
Finished job 0.
5 of 5 steps (100%) done
Complete log: /home/jeszyman/repos/cfdna-cna/.snakemake/log/2022-08-23T093156.701960.snakemake.log
unlocking
removing lock
removing lock
removed all locks
