Building DAG of jobs...
Using shell: /bin/bash
Provided cores: 4
Rules claiming more threads will be scaled down.
Job stats:
job           count    min threads    max threads
----------  -------  -------------  -------------
all               1              1              1
hg38_ichor        2              1              1
total             3              1              1

Resources before job selection: {'_cores': 4, '_nodes': 9223372036854775807}
Ready jobs (2):
	hg38_ichor
	hg38_ichor
Select jobs to execute...
Selected jobs (2):
	hg38_ichor
	hg38_ichor
Resources after job selection: {'_cores': 2, '_nodes': 9223372036854775805}

[Mon May 16 15:31:12 2022]
rule hg38_ichor:
    input: test/wig/lib004_hg38_frag90_150.wig
    output: test/ichor_hg38/lib004_hg38_frag90_150.cna.seg
    jobid: 12
    wildcards: library_id=lib004_hg38, frag_distro=90_150
    resources: tmpdir=/tmp


        Rscript /opt/ichorCNA/scripts/runIchorCNA.R          --id lib004_hg38_frag90_150          --WIG test/wig/lib004_hg38_frag90_150.wig          --gcWig /opt/ichorCNA/inst/extdata/gc_hg38_1000kb.wig          --normal "c(0.95, 0.99, 0.995, 0.999)"          --ploidy "c(2)"          --maxCN 3          --estimateScPrevalence FALSE          --scStates "c()"          --outDir test/ichor_hg38
        

 singularity  exec --home /home/jszymanski/repos/cfdna-cna --bind /home/jszymanski:/home/jszymanski --bind /mnt:/mnt /home/jszymanski/sing_containers/mpnst.sif bash -c 'set -euo pipefail;  
        Rscript /opt/ichorCNA/scripts/runIchorCNA.R          --id lib004_hg38_frag90_150          --WIG test/wig/lib004_hg38_frag90_150.wig          --gcWig /opt/ichorCNA/inst/extdata/gc_hg38_1000kb.wig          --normal "c(0.95, 0.99, 0.995, 0.999)"          --ploidy "c(2)"          --maxCN 3          --estimateScPrevalence FALSE          --scStates "c()"          --outDir test/ichor_hg38'
[Mon May 16 15:31:12 2022]
Activating singularity image /home/jszymanski/sing_containers/mpnst.sif
rule hg38_ichor:
    input: test/wig/lib003_hg38_frag90_150.wig
    output: test/ichor_hg38/lib003_hg38_frag90_150.cna.seg
    jobid: 11
    wildcards: library_id=lib003_hg38, frag_distro=90_150
    resources: tmpdir=/tmp


        Rscript /opt/ichorCNA/scripts/runIchorCNA.R          --id lib003_hg38_frag90_150          --WIG test/wig/lib003_hg38_frag90_150.wig          --gcWig /opt/ichorCNA/inst/extdata/gc_hg38_1000kb.wig          --normal "c(0.95, 0.99, 0.995, 0.999)"          --ploidy "c(2)"          --maxCN 3          --estimateScPrevalence FALSE          --scStates "c()"          --outDir test/ichor_hg38
        
 singularity  exec --home /home/jszymanski/repos/cfdna-cna --bind /home/jszymanski:/home/jszymanski --bind /mnt:/mnt /home/jszymanski/sing_containers/mpnst.sif bash -c 'set -euo pipefail;  
        Rscript /opt/ichorCNA/scripts/runIchorCNA.R          --id lib003_hg38_frag90_150          --WIG test/wig/lib003_hg38_frag90_150.wig          --gcWig /opt/ichorCNA/inst/extdata/gc_hg38_1000kb.wig          --normal "c(0.95, 0.99, 0.995, 0.999)"          --ploidy "c(2)"          --maxCN 3          --estimateScPrevalence FALSE          --scStates "c()"          --outDir test/ichor_hg38'
Activating singularity image /home/jszymanski/sing_containers/mpnst.sif
[Mon May 16 15:31:49 2022]
Finished job 11.
1 of 3 steps (33%) done
[Mon May 16 15:32:15 2022]
Error in rule hg38_ichor:
    jobid: 12
    output: test/ichor_hg38/lib004_hg38_frag90_150.cna.seg
    shell:
        
        Rscript /opt/ichorCNA/scripts/runIchorCNA.R          --id lib004_hg38_frag90_150          --WIG test/wig/lib004_hg38_frag90_150.wig          --gcWig /opt/ichorCNA/inst/extdata/gc_hg38_1000kb.wig          --normal "c(0.95, 0.99, 0.995, 0.999)"          --ploidy "c(2)"          --maxCN 3          --estimateScPrevalence FALSE          --scStates "c()"          --outDir test/ichor_hg38
        
        (one of the commands exited with non-zero exit code; note that snakemake uses bash strict mode!)

Full Traceback (most recent call last):
  File "/home/jszymanski/.conda/envs/snakemake/lib/python3.10/site-packages/snakemake/executors/__init__.py", line 593, in _callback
    raise ex
  File "/home/jszymanski/.conda/envs/snakemake/lib/python3.10/concurrent/futures/thread.py", line 52, in run
    result = self.fn(*self.args, **self.kwargs)
  File "/home/jszymanski/.conda/envs/snakemake/lib/python3.10/site-packages/snakemake/executors/__init__.py", line 579, in cached_or_run
    run_func(*args)
  File "/home/jszymanski/.conda/envs/snakemake/lib/python3.10/site-packages/snakemake/executors/__init__.py", line 2461, in run_wrapper
    raise ex
  File "/home/jszymanski/.conda/envs/snakemake/lib/python3.10/site-packages/snakemake/executors/__init__.py", line 2418, in run_wrapper
    run(
  File "/home/jszymanski/repos/cfdna-cna/workflow/cfdna_wgs_cna.smk", line 142, in __rule_hg38_ichor
  File "/home/jszymanski/.conda/envs/snakemake/lib/python3.10/site-packages/snakemake/shell.py", line 287, in __new__
    raise sp.CalledProcessError(retcode, cmd)
subprocess.CalledProcessError: Command ' singularity  exec --home /home/jszymanski/repos/cfdna-cna --bind /home/jszymanski:/home/jszymanski --bind /mnt:/mnt /home/jszymanski/sing_containers/mpnst.sif bash -c 'set -euo pipefail;  
        Rscript /opt/ichorCNA/scripts/runIchorCNA.R          --id lib004_hg38_frag90_150          --WIG test/wig/lib004_hg38_frag90_150.wig          --gcWig /opt/ichorCNA/inst/extdata/gc_hg38_1000kb.wig          --normal "c(0.95, 0.99, 0.995, 0.999)"          --ploidy "c(2)"          --maxCN 3          --estimateScPrevalence FALSE          --scStates "c()"          --outDir test/ichor_hg38'' returned non-zero exit status 1.

Removing output files of failed job hg38_ichor since they might be corrupted:
test/ichor_hg38/lib004_hg38_frag90_150.cna.seg
Shutting down, this might take some time.
Exiting because a job execution failed. Look above for error message
Complete log: /home/jszymanski/repos/cfdna-cna/.snakemake/log/2022-05-16T153112.057447.snakemake.log
unlocking
removing lock
removing lock
removed all locks
