Building DAG of jobs...
Using shell: /bin/bash
Provided cores: 4
Rules claiming more threads will be scaled down.
Job stats:
job           count    min threads    max threads
----------  -------  -------------  -------------
all               1              1              1
bam_to_wig        2              1              1
frag_filt         2              1              1
ichor             2              1              1
total             7              1              1

Select jobs to execute...

[Wed May  4 10:09:09 2022]
rule frag_filt:
    input: test/bam/lib001.bam
    output: test/frag-bam/lib001_frag90_150.nohead, test/frag-bam/lib001_frag90_150.onlyhead, test/frag-bam/lib001_frag90_150.bam
    jobid: 2
    wildcards: library_id=lib001, frag_distro=90_150
    resources: tmpdir=/tmp


        frag_min=$(echo 90_150 | sed -e "s/_.*$//g")
        frag_max=$(echo 90_150 | sed -e "s/^.*_//g")
        workflow/scripts/frag_filt.sh test/bam/lib001.bam                                       test/frag-bam/lib001_frag90_150.nohead                                       $frag_min                                       $frag_max                                       4                                       test/frag-bam/lib001_frag90_150.onlyhead                                       test/frag-bam/lib001_frag90_150.bam
        
Activating singularity image /home/jeszyman/sing_containers/mpnst.sif

[Wed May  4 10:09:09 2022]
rule frag_filt:
    input: test/bam/lib002.bam
    output: test/frag-bam/lib002_frag90_150.nohead, test/frag-bam/lib002_frag90_150.onlyhead, test/frag-bam/lib002_frag90_150.bam
    jobid: 1
    wildcards: library_id=lib002, frag_distro=90_150
    resources: tmpdir=/tmp


        frag_min=$(echo 90_150 | sed -e "s/_.*$//g")
        frag_max=$(echo 90_150 | sed -e "s/^.*_//g")
        workflow/scripts/frag_filt.sh test/bam/lib002.bam                                       test/frag-bam/lib002_frag90_150.nohead                                       $frag_min                                       $frag_max                                       4                                       test/frag-bam/lib002_frag90_150.onlyhead                                       test/frag-bam/lib002_frag90_150.bam
        
Activating singularity image /home/jeszyman/sing_containers/mpnst.sif
Removing temporary output file test/frag-bam/lib001_frag90_150.nohead.
Removing temporary output file test/frag-bam/lib001_frag90_150.onlyhead.
[Wed May  4 10:09:10 2022]
Finished job 2.
1 of 7 steps (14%) done
Select jobs to execute...

[Wed May  4 10:09:10 2022]
rule bam_to_wig:
    input: test/frag-bam/lib001_frag90_150.bam
    output: test/wig/lib001_frag90_150.wig
    jobid: 6
    wildcards: library_id=lib001, frag_distro=90_150
    resources: tmpdir=/tmp


        /opt/hmmcopy_utils/bin/readCounter --window 1000000 --quality 20         --chromosome "chr1,chr2,chr3,chr4,chr5,chr6,chr7,chr8,chr9,chr10,chr11,chr12,chr13,chr14,chr15,chr16,chr17,chr18,chr19,chr20,chr21,chr22,chrX,chrY"         test/frag-bam/lib001_frag90_150.bam > test/wig/lib001_frag90_150.wig
        
Activating singularity image /home/jeszyman/sing_containers/mpnst.sif
Removing temporary output file test/frag-bam/lib002_frag90_150.nohead.
Removing temporary output file test/frag-bam/lib002_frag90_150.onlyhead.
[Wed May  4 10:09:10 2022]
Finished job 1.
2 of 7 steps (29%) done
Select jobs to execute...

[Wed May  4 10:09:10 2022]
rule bam_to_wig:
    input: test/frag-bam/lib002_frag90_150.bam
    output: test/wig/lib002_frag90_150.wig
    jobid: 4
    wildcards: library_id=lib002, frag_distro=90_150
    resources: tmpdir=/tmp


        /opt/hmmcopy_utils/bin/readCounter --window 1000000 --quality 20         --chromosome "chr1,chr2,chr3,chr4,chr5,chr6,chr7,chr8,chr9,chr10,chr11,chr12,chr13,chr14,chr15,chr16,chr17,chr18,chr19,chr20,chr21,chr22,chrX,chrY"         test/frag-bam/lib002_frag90_150.bam > test/wig/lib002_frag90_150.wig
        
Activating singularity image /home/jeszyman/sing_containers/mpnst.sif
[Wed May  4 10:09:10 2022]
Finished job 6.
3 of 7 steps (43%) done
Select jobs to execute...

[Wed May  4 10:09:10 2022]
rule ichor:
    input: test/wig/lib001_frag90_150.wig
    output: test/ichor/lib001_frag90_150.file
    jobid: 5
    wildcards: library_id=lib001, frag_distro=90_150
    resources: tmpdir=/tmp


        Rscript /opt/ichorCNA/scripts/runIchorCNA.R          --id lib001_90_150          --WIG test/wig/lib001_frag90_150.wig          --gcWig /opt/ichorCNA/inst/extdata/gc_hg19_1000kb.wig          --normal "c(0.95, 0.99, 0.995, 0.999)"          --ploidy "c(2)"          --maxCN 3          --estimateScPrevalence FALSE          --scStates "c()"          --outDir test/ichor
        
Activating singularity image /home/jeszyman/sing_containers/mpnst.sif
[Wed May  4 10:09:10 2022]
Finished job 4.
4 of 7 steps (57%) done
Select jobs to execute...

[Wed May  4 10:09:10 2022]
rule ichor:
    input: test/wig/lib002_frag90_150.wig
    output: test/ichor/lib002_frag90_150.file
    jobid: 3
    wildcards: library_id=lib002, frag_distro=90_150
    resources: tmpdir=/tmp


        Rscript /opt/ichorCNA/scripts/runIchorCNA.R          --id lib002_90_150          --WIG test/wig/lib002_frag90_150.wig          --gcWig /opt/ichorCNA/inst/extdata/gc_hg19_1000kb.wig          --normal "c(0.95, 0.99, 0.995, 0.999)"          --ploidy "c(2)"          --maxCN 3          --estimateScPrevalence FALSE          --scStates "c()"          --outDir test/ichor
        
Activating singularity image /home/jeszyman/sing_containers/mpnst.sif
[Wed May  4 10:09:21 2022]
Error in rule ichor:
    jobid: 5
    output: test/ichor/lib001_frag90_150.file
    shell:
        
        Rscript /opt/ichorCNA/scripts/runIchorCNA.R          --id lib001_90_150          --WIG test/wig/lib001_frag90_150.wig          --gcWig /opt/ichorCNA/inst/extdata/gc_hg19_1000kb.wig          --normal "c(0.95, 0.99, 0.995, 0.999)"          --ploidy "c(2)"          --maxCN 3          --estimateScPrevalence FALSE          --scStates "c()"          --outDir test/ichor
        
        (one of the commands exited with non-zero exit code; note that snakemake uses bash strict mode!)

Waiting at most 5 seconds for missing files.
MissingOutputException in line 33 of /home/jeszyman/repos/cfdna-cna/workflow/cfdna_wgs_cna.smk:
Job Missing files after 5 seconds:
test/ichor/lib002_frag90_150.file
This might be due to filesystem latency. If that is the case, consider to increase the wait time with --latency-wait.
Job id: 3 completed successfully, but some output files are missing. 3
Shutting down, this might take some time.
Exiting because a job execution failed. Look above for error message
Complete log: /home/jeszyman/repos/cfdna-cna/.snakemake/log/2022-05-04T100909.643334.snakemake.log
