Building DAG of jobs...
Full Traceback (most recent call last):
  File "/opt/miniconda3/envs/snakemake/lib/python3.9/site-packages/snakemake/__init__.py", line 696, in snakemake
    success = workflow.execute(
  File "/opt/miniconda3/envs/snakemake/lib/python3.9/site-packages/snakemake/workflow.py", line 748, in execute
    dag.init()
  File "/opt/miniconda3/envs/snakemake/lib/python3.9/site-packages/snakemake/dag.py", line 179, in init
    job = self.update([job], progress=progress, create_inventory=True)
  File "/opt/miniconda3/envs/snakemake/lib/python3.9/site-packages/snakemake/dag.py", line 793, in update
    raise exceptions[0]
  File "/opt/miniconda3/envs/snakemake/lib/python3.9/site-packages/snakemake/dag.py", line 749, in update
    self.update_(
  File "/opt/miniconda3/envs/snakemake/lib/python3.9/site-packages/snakemake/dag.py", line 906, in update_
    raise MissingInputException(job.rule, missing_input)
snakemake.exceptions.MissingInputException: Missing input files for rule all:
test/ichor/lib003_frag90_150.cna.seq
test/ichor/lib006_frag90_150.cna.seq
test/ichor/lib005_frag90_150.cna.seq
test/ichor/lib004_frag90_150.cna.seq

MissingInputException in line 19 of /home/jeszyman/repos/cfdna-cna/workflow/int_test.smk:
Missing input files for rule all:
test/ichor/lib003_frag90_150.cna.seq
test/ichor/lib006_frag90_150.cna.seq
test/ichor/lib005_frag90_150.cna.seq
test/ichor/lib004_frag90_150.cna.seq
unlocking
removed all locks
