Building DAG of jobs...
Using shell: /bin/bash
Provided cores: 4
Rules claiming more threads will be scaled down.
Job stats:
job          count    min threads    max threads
---------  -------  -------------  -------------
all              1              1              1
frag_filt        4              1              1
total            5              1              1

Resources before job selection: {'_cores': 4, '_nodes': 9223372036854775807}
Ready jobs (4):
	frag_filt
	frag_filt
	frag_filt
	frag_filt
Select jobs to execute...
Selected jobs (4):
	frag_filt
	frag_filt
	frag_filt
	frag_filt
Resources after job selection: {'_cores': 0, '_nodes': 9223372036854775803}

[Tue Aug 23 10:18:13 2022]
rule frag_filt:
    input: /home/jeszyman/repos/cfdna-cna/test/bam/filt/lib003.bam
    output: /home/jeszyman/repos/cfdna-cna/test/bam/frag/lib003_frag90_150.nohead, /home/jeszyman/repos/cfdna-cna/test/bam/frag/lib003_frag90_150.onlyhead, /home/jeszyman/repos/cfdna-cna/test/bam/frag/lib003_frag90_150.bam
    jobid: 1
    wildcards: library=lib003, frag_distro=90_150
    resources: tmpdir=/tmp


        frag_min=$(echo 90_150 | sed -e "s/_.*$//g")
        frag_max=$(echo 90_150 | sed -e "s/^.*_//g")
        .//workflow/scripts/frag_filt.sh         /home/jeszyman/repos/cfdna-cna/test/bam/filt/lib003.bam         /home/jeszyman/repos/cfdna-cna/test/bam/frag/lib003_frag90_150.nohead         $frag_min         $frag_max         4         /home/jeszyman/repos/cfdna-cna/test/bam/frag/lib003_frag90_150.onlyhead         /home/jeszyman/repos/cfdna-cna/test/bam/frag/lib003_frag90_150.bam
        
 singularity  exec --home /home/jeszyman/repos/cfdna-cna --bind /home/jeszyman:/home/jeszyman --bind /mnt:/mnt --bind /opt/miniconda3/envs/snakemake/lib/python3.9/site-packages:/mnt/snakemake /home/jeszyman/sing_containers/cfdna_wgs.1.0.0.sif bash -c 'frag_min=$(echo 90_150 | sed -e "s/_.*$//g")
        frag_max=$(echo 90_150 | sed -e "s/^.*_//g")
        .//workflow/scripts/frag_filt.sh         /home/jeszyman/repos/cfdna-cna/test/bam/filt/lib003.bam         /home/jeszyman/repos/cfdna-cna/test/bam/frag/lib003_frag90_150.nohead         $frag_min         $frag_max         4         /home/jeszyman/repos/cfdna-cna/test/bam/frag/lib003_frag90_150.onlyhead         /home/jeszyman/repos/cfdna-cna/test/bam/frag/lib003_frag90_150.bam'
Activating singularity image /home/jeszyman/sing_containers/cfdna_wgs.1.0.0.sif

[Tue Aug 23 10:18:13 2022]
rule frag_filt:
    input: /home/jeszyman/repos/cfdna-cna/test/bam/filt/lib006.bam
    output: /home/jeszyman/repos/cfdna-cna/test/bam/frag/lib006_frag90_150.nohead, /home/jeszyman/repos/cfdna-cna/test/bam/frag/lib006_frag90_150.onlyhead, /home/jeszyman/repos/cfdna-cna/test/bam/frag/lib006_frag90_150.bam
    jobid: 4
    wildcards: library=lib006, frag_distro=90_150
    resources: tmpdir=/tmp


        frag_min=$(echo 90_150 | sed -e "s/_.*$//g")
        frag_max=$(echo 90_150 | sed -e "s/^.*_//g")
        .//workflow/scripts/frag_filt.sh         /home/jeszyman/repos/cfdna-cna/test/bam/filt/lib006.bam         /home/jeszyman/repos/cfdna-cna/test/bam/frag/lib006_frag90_150.nohead         $frag_min         $frag_max         4         /home/jeszyman/repos/cfdna-cna/test/bam/frag/lib006_frag90_150.onlyhead         /home/jeszyman/repos/cfdna-cna/test/bam/frag/lib006_frag90_150.bam
        
 singularity  exec --home /home/jeszyman/repos/cfdna-cna --bind /home/jeszyman:/home/jeszyman --bind /mnt:/mnt --bind /opt/miniconda3/envs/snakemake/lib/python3.9/site-packages:/mnt/snakemake /home/jeszyman/sing_containers/cfdna_wgs.1.0.0.sif bash -c 'frag_min=$(echo 90_150 | sed -e "s/_.*$//g")
        frag_max=$(echo 90_150 | sed -e "s/^.*_//g")
        .//workflow/scripts/frag_filt.sh         /home/jeszyman/repos/cfdna-cna/test/bam/filt/lib006.bam         /home/jeszyman/repos/cfdna-cna/test/bam/frag/lib006_frag90_150.nohead         $frag_min         $frag_max         4         /home/jeszyman/repos/cfdna-cna/test/bam/frag/lib006_frag90_150.onlyhead         /home/jeszyman/repos/cfdna-cna/test/bam/frag/lib006_frag90_150.bam'
Activating singularity image /home/jeszyman/sing_containers/cfdna_wgs.1.0.0.sif

[Tue Aug 23 10:18:13 2022]
rule frag_filt:
    input: /home/jeszyman/repos/cfdna-cna/test/bam/filt/lib005.bam
    output: /home/jeszyman/repos/cfdna-cna/test/bam/frag/lib005_frag90_150.nohead, /home/jeszyman/repos/cfdna-cna/test/bam/frag/lib005_frag90_150.onlyhead, /home/jeszyman/repos/cfdna-cna/test/bam/frag/lib005_frag90_150.bam
    jobid: 3
    wildcards: library=lib005, frag_distro=90_150
    resources: tmpdir=/tmp


        frag_min=$(echo 90_150 | sed -e "s/_.*$//g")
        frag_max=$(echo 90_150 | sed -e "s/^.*_//g")
        .//workflow/scripts/frag_filt.sh         /home/jeszyman/repos/cfdna-cna/test/bam/filt/lib005.bam         /home/jeszyman/repos/cfdna-cna/test/bam/frag/lib005_frag90_150.nohead         $frag_min         $frag_max         4         /home/jeszyman/repos/cfdna-cna/test/bam/frag/lib005_frag90_150.onlyhead         /home/jeszyman/repos/cfdna-cna/test/bam/frag/lib005_frag90_150.bam
        
 singularity  exec --home /home/jeszyman/repos/cfdna-cna --bind /home/jeszyman:/home/jeszyman --bind /mnt:/mnt --bind /opt/miniconda3/envs/snakemake/lib/python3.9/site-packages:/mnt/snakemake /home/jeszyman/sing_containers/cfdna_wgs.1.0.0.sif bash -c 'frag_min=$(echo 90_150 | sed -e "s/_.*$//g")
        frag_max=$(echo 90_150 | sed -e "s/^.*_//g")
        .//workflow/scripts/frag_filt.sh         /home/jeszyman/repos/cfdna-cna/test/bam/filt/lib005.bam         /home/jeszyman/repos/cfdna-cna/test/bam/frag/lib005_frag90_150.nohead         $frag_min         $frag_max         4         /home/jeszyman/repos/cfdna-cna/test/bam/frag/lib005_frag90_150.onlyhead         /home/jeszyman/repos/cfdna-cna/test/bam/frag/lib005_frag90_150.bam'
Activating singularity image /home/jeszyman/sing_containers/cfdna_wgs.1.0.0.sif

[Tue Aug 23 10:18:13 2022]
rule frag_filt:
    input: /home/jeszyman/repos/cfdna-cna/test/bam/filt/lib004.bam
    output: /home/jeszyman/repos/cfdna-cna/test/bam/frag/lib004_frag90_150.nohead, /home/jeszyman/repos/cfdna-cna/test/bam/frag/lib004_frag90_150.onlyhead, /home/jeszyman/repos/cfdna-cna/test/bam/frag/lib004_frag90_150.bam
    jobid: 2
    wildcards: library=lib004, frag_distro=90_150
    resources: tmpdir=/tmp


        frag_min=$(echo 90_150 | sed -e "s/_.*$//g")
        frag_max=$(echo 90_150 | sed -e "s/^.*_//g")
        .//workflow/scripts/frag_filt.sh         /home/jeszyman/repos/cfdna-cna/test/bam/filt/lib004.bam         /home/jeszyman/repos/cfdna-cna/test/bam/frag/lib004_frag90_150.nohead         $frag_min         $frag_max         4         /home/jeszyman/repos/cfdna-cna/test/bam/frag/lib004_frag90_150.onlyhead         /home/jeszyman/repos/cfdna-cna/test/bam/frag/lib004_frag90_150.bam
        
 singularity  exec --home /home/jeszyman/repos/cfdna-cna --bind /home/jeszyman:/home/jeszyman --bind /mnt:/mnt --bind /opt/miniconda3/envs/snakemake/lib/python3.9/site-packages:/mnt/snakemake /home/jeszyman/sing_containers/cfdna_wgs.1.0.0.sif bash -c 'frag_min=$(echo 90_150 | sed -e "s/_.*$//g")
        frag_max=$(echo 90_150 | sed -e "s/^.*_//g")
        .//workflow/scripts/frag_filt.sh         /home/jeszyman/repos/cfdna-cna/test/bam/filt/lib004.bam         /home/jeszyman/repos/cfdna-cna/test/bam/frag/lib004_frag90_150.nohead         $frag_min         $frag_max         4         /home/jeszyman/repos/cfdna-cna/test/bam/frag/lib004_frag90_150.onlyhead         /home/jeszyman/repos/cfdna-cna/test/bam/frag/lib004_frag90_150.bam'
Activating singularity image /home/jeszyman/sing_containers/cfdna_wgs.1.0.0.sif
Removing temporary output file /home/jeszyman/repos/cfdna-cna/test/bam/frag/lib004_frag90_150.nohead.
Removing temporary output file /home/jeszyman/repos/cfdna-cna/test/bam/frag/lib004_frag90_150.onlyhead.
[Tue Aug 23 10:18:14 2022]
Finished job 2.
1 of 5 steps (20%) done
Removing temporary output file /home/jeszyman/repos/cfdna-cna/test/bam/frag/lib003_frag90_150.nohead.
Removing temporary output file /home/jeszyman/repos/cfdna-cna/test/bam/frag/lib003_frag90_150.onlyhead.
[Tue Aug 23 10:18:14 2022]
Finished job 1.
2 of 5 steps (40%) done
Removing temporary output file /home/jeszyman/repos/cfdna-cna/test/bam/frag/lib006_frag90_150.nohead.
Removing temporary output file /home/jeszyman/repos/cfdna-cna/test/bam/frag/lib006_frag90_150.onlyhead.
[Tue Aug 23 10:18:14 2022]
Finished job 4.
3 of 5 steps (60%) done
Removing temporary output file /home/jeszyman/repos/cfdna-cna/test/bam/frag/lib005_frag90_150.nohead.
Removing temporary output file /home/jeszyman/repos/cfdna-cna/test/bam/frag/lib005_frag90_150.onlyhead.
[Tue Aug 23 10:18:14 2022]
Finished job 3.
4 of 5 steps (80%) done
Resources before job selection: {'_cores': 4, '_nodes': 9223372036854775807}
Ready jobs (1):
	all
Select jobs to execute...
Selected jobs (1):
	all
Resources after job selection: {'_cores': 3, '_nodes': 9223372036854775806}

[Tue Aug 23 10:18:14 2022]
localrule all:
    input: /home/jeszyman/repos/cfdna-cna/test/bam/frag/lib003_frag90_150.bam, /home/jeszyman/repos/cfdna-cna/test/bam/frag/lib004_frag90_150.bam, /home/jeszyman/repos/cfdna-cna/test/bam/frag/lib005_frag90_150.bam, /home/jeszyman/repos/cfdna-cna/test/bam/frag/lib006_frag90_150.bam
    jobid: 0
    resources: tmpdir=/tmp

[Tue Aug 23 10:18:14 2022]
Finished job 0.
5 of 5 steps (100%) done
Complete log: /home/jeszyman/repos/cfdna-cna/.snakemake/log/2022-08-23T101813.190103.snakemake.log
unlocking
removing lock
removing lock
removed all locks
