Building DAG of jobs...
Using shell: /bin/bash
Provided cores: 4
Rules claiming more threads will be scaled down.
Job stats:
job           count    min threads    max threads
----------  -------  -------------  -------------
all               1              1              1
hg38_ichor        1              1              1
total             2              1              1

Resources before job selection: {'_cores': 4, '_nodes': 9223372036854775807}
Ready jobs (1):
	hg38_ichor
Select jobs to execute...
Using greedy selector because only single job has to be scheduled.
Selected jobs (1):
	hg38_ichor
Resources after job selection: {'_cores': 3, '_nodes': 9223372036854775806}

[Mon May 16 16:01:33 2022]
rule hg38_ichor:
    input: test/wig/lib004_hg38_frag90_150.wig
    output: test/ichor_hg38/lib004_hg38_frag90_150.cna.seg
    jobid: 12
    wildcards: library_id=lib004_hg38, frag_distro=90_150
    resources: tmpdir=/tmp


        Rscript workflow/scripts/MOD_runIchorCNA.R          --id lib004_hg38_frag90_150          --WIG test/wig/lib004_hg38_frag90_150.wig          --gcWig /opt/ichorCNA/inst/extdata/gc_hg38_1000kb.wig          --mapWig /opt/ichorCNA/inst/extdata/map_hg38_1000kb.wig          --centromere /opt/ichorCNA/inst/extdata/GRCh38.GCA_000001405.2_centromere_acen.txt          --normal "c(0.95, 0.99, 0.995, 0.999)"          --ploidy "c(2)"          --maxCN 3          --estimateScPrevalence FALSE          --scStates "c()"          --outDir test/ichor_hg38
        
 singularity  exec --home /home/jszymanski/repos/cfdna-cna --bind /home/jszymanski:/home/jszymanski --bind /mnt:/mnt /home/jszymanski/sing_containers/mpnst.sif bash -c 'set -euo pipefail;  
        Rscript workflow/scripts/MOD_runIchorCNA.R          --id lib004_hg38_frag90_150          --WIG test/wig/lib004_hg38_frag90_150.wig          --gcWig /opt/ichorCNA/inst/extdata/gc_hg38_1000kb.wig          --mapWig /opt/ichorCNA/inst/extdata/map_hg38_1000kb.wig          --centromere /opt/ichorCNA/inst/extdata/GRCh38.GCA_000001405.2_centromere_acen.txt          --normal "c(0.95, 0.99, 0.995, 0.999)"          --ploidy "c(2)"          --maxCN 3          --estimateScPrevalence FALSE          --scStates "c()"          --outDir test/ichor_hg38'
Activating singularity image /home/jszymanski/sing_containers/mpnst.sif
[Mon May 16 16:02:05 2022]
Finished job 12.
1 of 2 steps (50%) done
Resources before job selection: {'_cores': 4, '_nodes': 9223372036854775807}
Ready jobs (1):
	all
Select jobs to execute...
Using greedy selector because only single job has to be scheduled.
Selected jobs (1):
	all
Resources after job selection: {'_cores': 3, '_nodes': 9223372036854775806}

[Mon May 16 16:02:05 2022]
localrule all:
    input: test/frag-bam/lib001_hg19_frag90_150.bam, test/frag-bam/lib002_hg19_frag90_150.bam, test/frag-bam/lib003_hg38_frag90_150.bam, test/frag-bam/lib004_hg38_frag90_150.bam, test/wig/lib001_hg19_frag90_150.wig, test/wig/lib002_hg19_frag90_150.wig, test/wig/lib003_hg38_frag90_150.wig, test/wig/lib004_hg38_frag90_150.wig, test/ichor_hg19/lib001_hg19_frag90_150.cna.seg, test/ichor_hg19/lib002_hg19_frag90_150.cna.seg, test/ichor_hg38/lib003_hg38_frag90_150.cna.seg, test/ichor_hg38/lib004_hg38_frag90_150.cna.seg
    jobid: 0
    resources: tmpdir=/tmp

[Mon May 16 16:02:05 2022]
Finished job 0.
2 of 2 steps (100%) done
Complete log: /home/jszymanski/repos/cfdna-cna/.snakemake/log/2022-05-16T160132.996617.snakemake.log
unlocking
removing lock
removing lock
removed all locks
