Multiple includes of /home/jeszyman/repos/cfdna-cna/workflow/cfdna_wgs_cna.smk ignored
Building DAG of jobs...
Using shell: /bin/bash
Provided cores: 4
Rules claiming more threads will be scaled down.
Job stats:
job          count    min threads    max threads
---------  -------  -------------  -------------
all              1              1              1
frag_filt        6              1              1
total            7              1              1

Resources before job selection: {'_cores': 4, '_nodes': 9223372036854775807}
Ready jobs (6):
	frag_filt
	frag_filt
	frag_filt
	frag_filt
	frag_filt
	frag_filt
Select jobs to execute...
Selected jobs (4):
	frag_filt
	frag_filt
	frag_filt
	frag_filt
Resources after job selection: {'_cores': 0, '_nodes': 9223372036854775803}

[Wed Jun  1 12:09:40 2022]
rule frag_filt:
    input: test/bam/lib003.bam
    output: test/frag-bam/lib003_frag90_150.nohead, test/frag-bam/lib003_frag90_150.onlyhead, test/frag-bam/lib003_frag90_150.bam
    jobid: 3
    wildcards: library_id=lib003, frag_distro=90_150
    resources: tmpdir=/tmp


        frag_min=$(echo 90_150 | sed -e "s/_.*$//g")
        frag_max=$(echo 90_150 | sed -e "s/^.*_//g")
        .//workflow/scripts/frag_filt.sh test/bam/lib003.bam                                       test/frag-bam/lib003_frag90_150.nohead                                       $frag_min                                       $frag_max                                       4                                       test/frag-bam/lib003_frag90_150.onlyhead                                       test/frag-bam/lib003_frag90_150.bam
        
 singularity  exec --home /home/jeszyman/repos/cfdna-cna --bind /home/jeszyman:/home/jeszyman --bind /mnt:/mnt /home/jeszyman/sing_containers/mpnst.sif bash -c 'set -euo pipefail;  
        frag_min=$(echo 90_150 | sed -e "s/_.*$//g")
        frag_max=$(echo 90_150 | sed -e "s/^.*_//g")
        .//workflow/scripts/frag_filt.sh test/bam/lib003.bam                                       test/frag-bam/lib003_frag90_150.nohead                                       $frag_min                                       $frag_max                                       4                                       test/frag-bam/lib003_frag90_150.onlyhead                                       test/frag-bam/lib003_frag90_150.bam'
Activating singularity image /home/jeszyman/sing_containers/mpnst.sif

[Wed Jun  1 12:09:40 2022]
rule frag_filt:
    input: test/bam/lib005.bam
    output: test/frag-bam/lib005_frag90_150.nohead, test/frag-bam/lib005_frag90_150.onlyhead, test/frag-bam/lib005_frag90_150.bam
    jobid: 5
    wildcards: library_id=lib005, frag_distro=90_150
    resources: tmpdir=/tmp


        frag_min=$(echo 90_150 | sed -e "s/_.*$//g")
        frag_max=$(echo 90_150 | sed -e "s/^.*_//g")
        .//workflow/scripts/frag_filt.sh test/bam/lib005.bam                                       test/frag-bam/lib005_frag90_150.nohead                                       $frag_min                                       $frag_max                                       4                                       test/frag-bam/lib005_frag90_150.onlyhead                                       test/frag-bam/lib005_frag90_150.bam
        
 singularity  exec --home /home/jeszyman/repos/cfdna-cna --bind /home/jeszyman:/home/jeszyman --bind /mnt:/mnt /home/jeszyman/sing_containers/mpnst.sif bash -c 'set -euo pipefail;  
        frag_min=$(echo 90_150 | sed -e "s/_.*$//g")
        frag_max=$(echo 90_150 | sed -e "s/^.*_//g")
        .//workflow/scripts/frag_filt.sh test/bam/lib005.bam                                       test/frag-bam/lib005_frag90_150.nohead                                       $frag_min                                       $frag_max                                       4                                       test/frag-bam/lib005_frag90_150.onlyhead                                       test/frag-bam/lib005_frag90_150.bam'
Activating singularity image /home/jeszyman/sing_containers/mpnst.sif

[Wed Jun  1 12:09:40 2022]
rule frag_filt:
    input: test/bam/lib001.bam
    output: test/frag-bam/lib001_frag90_150.nohead, test/frag-bam/lib001_frag90_150.onlyhead, test/frag-bam/lib001_frag90_150.bam
    jobid: 1
    wildcards: library_id=lib001, frag_distro=90_150
    resources: tmpdir=/tmp


        frag_min=$(echo 90_150 | sed -e "s/_.*$//g")
        frag_max=$(echo 90_150 | sed -e "s/^.*_//g")
        .//workflow/scripts/frag_filt.sh test/bam/lib001.bam                                       test/frag-bam/lib001_frag90_150.nohead                                       $frag_min                                       $frag_max                                       4                                       test/frag-bam/lib001_frag90_150.onlyhead                                       test/frag-bam/lib001_frag90_150.bam
        

 singularity  exec --home /home/jeszyman/repos/cfdna-cna --bind /home/jeszyman:/home/jeszyman --bind /mnt:/mnt /home/jeszyman/sing_containers/mpnst.sif bash -c 'set -euo pipefail;  
        frag_min=$(echo 90_150 | sed -e "s/_.*$//g")
        frag_max=$(echo 90_150 | sed -e "s/^.*_//g")
        .//workflow/scripts/frag_filt.sh test/bam/lib001.bam                                       test/frag-bam/lib001_frag90_150.nohead                                       $frag_min                                       $frag_max                                       4                                       test/frag-bam/lib001_frag90_150.onlyhead                                       test/frag-bam/lib001_frag90_150.bam'
[Wed Jun  1 12:09:40 2022]
Activating singularity image /home/jeszyman/sing_containers/mpnst.sif
rule frag_filt:
    input: test/bam/lib004.bam
    output: test/frag-bam/lib004_frag90_150.nohead, test/frag-bam/lib004_frag90_150.onlyhead, test/frag-bam/lib004_frag90_150.bam
    jobid: 4
    wildcards: library_id=lib004, frag_distro=90_150
    resources: tmpdir=/tmp


        frag_min=$(echo 90_150 | sed -e "s/_.*$//g")
        frag_max=$(echo 90_150 | sed -e "s/^.*_//g")
        .//workflow/scripts/frag_filt.sh test/bam/lib004.bam                                       test/frag-bam/lib004_frag90_150.nohead                                       $frag_min                                       $frag_max                                       4                                       test/frag-bam/lib004_frag90_150.onlyhead                                       test/frag-bam/lib004_frag90_150.bam
        
 singularity  exec --home /home/jeszyman/repos/cfdna-cna --bind /home/jeszyman:/home/jeszyman --bind /mnt:/mnt /home/jeszyman/sing_containers/mpnst.sif bash -c 'set -euo pipefail;  
        frag_min=$(echo 90_150 | sed -e "s/_.*$//g")
        frag_max=$(echo 90_150 | sed -e "s/^.*_//g")
        .//workflow/scripts/frag_filt.sh test/bam/lib004.bam                                       test/frag-bam/lib004_frag90_150.nohead                                       $frag_min                                       $frag_max                                       4                                       test/frag-bam/lib004_frag90_150.onlyhead                                       test/frag-bam/lib004_frag90_150.bam'
Activating singularity image /home/jeszyman/sing_containers/mpnst.sif
Removing temporary output file test/frag-bam/lib004_frag90_150.nohead.
Removing temporary output file test/frag-bam/lib004_frag90_150.onlyhead.
[Wed Jun  1 12:09:41 2022]
Finished job 4.
1 of 7 steps (14%) done
Resources before job selection: {'_cores': 1, '_nodes': 9223372036854775804}
Ready jobs (2):
	frag_filt
	frag_filt
Select jobs to execute...
Selected jobs (1):
	frag_filt
Resources after job selection: {'_cores': 0, '_nodes': 9223372036854775803}

[Wed Jun  1 12:09:41 2022]
rule frag_filt:
    input: test/bam/lib006.bam
    output: test/frag-bam/lib006_frag90_150.nohead, test/frag-bam/lib006_frag90_150.onlyhead, test/frag-bam/lib006_frag90_150.bam
    jobid: 6
    wildcards: library_id=lib006, frag_distro=90_150
    resources: tmpdir=/tmp


        frag_min=$(echo 90_150 | sed -e "s/_.*$//g")
        frag_max=$(echo 90_150 | sed -e "s/^.*_//g")
        .//workflow/scripts/frag_filt.sh test/bam/lib006.bam                                       test/frag-bam/lib006_frag90_150.nohead                                       $frag_min                                       $frag_max                                       4                                       test/frag-bam/lib006_frag90_150.onlyhead                                       test/frag-bam/lib006_frag90_150.bam
        
 singularity  exec --home /home/jeszyman/repos/cfdna-cna --bind /home/jeszyman:/home/jeszyman --bind /mnt:/mnt /home/jeszyman/sing_containers/mpnst.sif bash -c 'set -euo pipefail;  
        frag_min=$(echo 90_150 | sed -e "s/_.*$//g")
        frag_max=$(echo 90_150 | sed -e "s/^.*_//g")
        .//workflow/scripts/frag_filt.sh test/bam/lib006.bam                                       test/frag-bam/lib006_frag90_150.nohead                                       $frag_min                                       $frag_max                                       4                                       test/frag-bam/lib006_frag90_150.onlyhead                                       test/frag-bam/lib006_frag90_150.bam'
Activating singularity image /home/jeszyman/sing_containers/mpnst.sif
Removing temporary output file test/frag-bam/lib003_frag90_150.nohead.
Removing temporary output file test/frag-bam/lib003_frag90_150.onlyhead.
[Wed Jun  1 12:09:42 2022]
Finished job 3.
2 of 7 steps (29%) done
Resources before job selection: {'_cores': 1, '_nodes': 9223372036854775804}
Ready jobs (1):
	frag_filt
Select jobs to execute...
Using greedy selector because only single job has to be scheduled.
Selected jobs (1):
	frag_filt
Resources after job selection: {'_cores': 0, '_nodes': 9223372036854775803}

[Wed Jun  1 12:09:42 2022]
rule frag_filt:
    input: test/bam/lib002.bam
    output: test/frag-bam/lib002_frag90_150.nohead, test/frag-bam/lib002_frag90_150.onlyhead, test/frag-bam/lib002_frag90_150.bam
    jobid: 2
    wildcards: library_id=lib002, frag_distro=90_150
    resources: tmpdir=/tmp


        frag_min=$(echo 90_150 | sed -e "s/_.*$//g")
        frag_max=$(echo 90_150 | sed -e "s/^.*_//g")
        .//workflow/scripts/frag_filt.sh test/bam/lib002.bam                                       test/frag-bam/lib002_frag90_150.nohead                                       $frag_min                                       $frag_max                                       4                                       test/frag-bam/lib002_frag90_150.onlyhead                                       test/frag-bam/lib002_frag90_150.bam
        
 singularity  exec --home /home/jeszyman/repos/cfdna-cna --bind /home/jeszyman:/home/jeszyman --bind /mnt:/mnt /home/jeszyman/sing_containers/mpnst.sif bash -c 'set -euo pipefail;  
        frag_min=$(echo 90_150 | sed -e "s/_.*$//g")
        frag_max=$(echo 90_150 | sed -e "s/^.*_//g")
        .//workflow/scripts/frag_filt.sh test/bam/lib002.bam                                       test/frag-bam/lib002_frag90_150.nohead                                       $frag_min                                       $frag_max                                       4                                       test/frag-bam/lib002_frag90_150.onlyhead                                       test/frag-bam/lib002_frag90_150.bam'
Activating singularity image /home/jeszyman/sing_containers/mpnst.sif
Removing temporary output file test/frag-bam/lib001_frag90_150.nohead.
Removing temporary output file test/frag-bam/lib001_frag90_150.onlyhead.
[Wed Jun  1 12:09:42 2022]
Finished job 1.
3 of 7 steps (43%) done
Removing temporary output file test/frag-bam/lib005_frag90_150.nohead.
Removing temporary output file test/frag-bam/lib005_frag90_150.onlyhead.
[Wed Jun  1 12:09:42 2022]
Finished job 5.
4 of 7 steps (57%) done
Removing temporary output file test/frag-bam/lib006_frag90_150.nohead.
Removing temporary output file test/frag-bam/lib006_frag90_150.onlyhead.
[Wed Jun  1 12:09:43 2022]
Finished job 6.
5 of 7 steps (71%) done
Removing temporary output file test/frag-bam/lib002_frag90_150.nohead.
Removing temporary output file test/frag-bam/lib002_frag90_150.onlyhead.
[Wed Jun  1 12:09:43 2022]
Finished job 2.
6 of 7 steps (86%) done
Resources before job selection: {'_cores': 4, '_nodes': 9223372036854775807}
Ready jobs (1):
	all
Select jobs to execute...
Using greedy selector because only single job has to be scheduled.
Selected jobs (1):
	all
Resources after job selection: {'_cores': 3, '_nodes': 9223372036854775806}

[Wed Jun  1 12:09:43 2022]
localrule all:
    input: test/frag-bam/lib001_frag90_150.bam, test/frag-bam/lib002_frag90_150.bam, test/frag-bam/lib003_frag90_150.bam, test/frag-bam/lib004_frag90_150.bam, test/frag-bam/lib005_frag90_150.bam, test/frag-bam/lib006_frag90_150.bam
    jobid: 0
    resources: tmpdir=/tmp

[Wed Jun  1 12:09:43 2022]
Finished job 0.
7 of 7 steps (100%) done
Complete log: /home/jeszyman/repos/cfdna-cna/.snakemake/log/2022-06-01T120939.985398.snakemake.log
unlocking
removing lock
removing lock
removed all locks
