Building DAG of jobs...
Using shell: /bin/bash
Provided cores: 4
Rules claiming more threads will be scaled down.
Job stats:
job          count    min threads    max threads
---------  -------  -------------  -------------
all              1              1              1
frag_filt        2              1              1
total            3              1              1

Select jobs to execute...

[Tue May  3 09:22:40 2022]
rule frag_filt:
    input: test/bam/lib001.bam
    output: test/frag-bam/lib001_frag90_150.nohead, test/frag-bam/lib001_frag90_150.onlyhead, test/frag-bam/lib001_frag90_150.bam
    jobid: 2
    wildcards: library_id=lib001, frag_distro=90_150
    resources: tmpdir=/tmp


        frag_min=$(echo 90_150 | sed -e "s/_.*$//g")
        frag_max=$(echo 90_150 | sed -e "s/^.*_//g")
        workflow/scripts/frag_filt.sh test/bam/lib001.bam                                       test/frag-bam/lib001_frag90_150.nohead                                       $frag_min                                       $frag_max                                       4                                       test/frag-bam/lib001_frag90_150.onlyhead                                       test/frag-bam/lib001_frag90_150.bam
        
Activating singularity image /home/jeszyman/sing_containers/mpnst.sif

[Tue May  3 09:22:40 2022]
rule frag_filt:
    input: test/bam/lib002.bam
    output: test/frag-bam/lib002_frag90_150.nohead, test/frag-bam/lib002_frag90_150.onlyhead, test/frag-bam/lib002_frag90_150.bam
    jobid: 1
    wildcards: library_id=lib002, frag_distro=90_150
    resources: tmpdir=/tmp


        frag_min=$(echo 90_150 | sed -e "s/_.*$//g")
        frag_max=$(echo 90_150 | sed -e "s/^.*_//g")
        workflow/scripts/frag_filt.sh test/bam/lib002.bam                                       test/frag-bam/lib002_frag90_150.nohead                                       $frag_min                                       $frag_max                                       4                                       test/frag-bam/lib002_frag90_150.onlyhead                                       test/frag-bam/lib002_frag90_150.bam
        
Activating singularity image /home/jeszyman/sing_containers/mpnst.sif
Removing temporary output file test/frag-bam/lib001_frag90_150.nohead.
Removing temporary output file test/frag-bam/lib001_frag90_150.onlyhead.
[Tue May  3 09:22:40 2022]
Finished job 2.
1 of 3 steps (33%) done
Removing temporary output file test/frag-bam/lib002_frag90_150.nohead.
Removing temporary output file test/frag-bam/lib002_frag90_150.onlyhead.
[Tue May  3 09:22:40 2022]
Finished job 1.
2 of 3 steps (67%) done
Select jobs to execute...

[Tue May  3 09:22:40 2022]
localrule all:
    input: test/frag-bam/lib002_frag90_150.bam, test/frag-bam/lib001_frag90_150.bam
    jobid: 0
    resources: tmpdir=/tmp

[Tue May  3 09:22:40 2022]
Finished job 0.
3 of 3 steps (100%) done
Complete log: /home/jeszyman/repos/cfdna-cna/.snakemake/log/2022-05-03T092239.880485.snakemake.log
