Building DAG of jobs...
Using shell: /bin/bash
Provided cores: 4
Rules claiming more threads will be scaled down.
Job stats:
job           count    min threads    max threads
----------  -------  -------------  -------------
all               1              1              1
bam_to_wig        4              1              1
total             5              1              1

Resources before job selection: {'_cores': 4, '_nodes': 9223372036854775807}
Ready jobs (4):
	bam_to_wig
	bam_to_wig
	bam_to_wig
	bam_to_wig
Select jobs to execute...
Selected jobs (4):
	bam_to_wig
	bam_to_wig
	bam_to_wig
	bam_to_wig
Resources after job selection: {'_cores': 0, '_nodes': 9223372036854775803}

[Mon May 16 14:50:55 2022]
rule bam_to_wig:
    input: test/frag-bam/lib002_hg19_frag90_150.bam
    output: test/wig/lib002_hg19_frag90_150.wig
    jobid: 6
    wildcards: library_id=lib002_hg19, frag_distro=90_150
    resources: tmpdir=/tmp


        /opt/hmmcopy_utils/bin/readCounter --window 1000000 --quality 20         --chromosome chr1,chr2,chr3,chr4,chr5,chr6,chr7,chr8,chr9,chr10,chr11,chr12,chr13,chr14,chr15,chr16,chr17,chr18,chr19,chr20,chr21,chr22,chrX         test/frag-bam/lib002_hg19_frag90_150.bam > test/wig/lib002_hg19_frag90_150.wig
        

 singularity  exec --home /home/jszymanski/repos/cfdna-cna --bind /home/jszymanski:/home/jszymanski --bind /mnt:/mnt /home/jszymanski/sing_containers/mpnst.sif bash -c 'set -euo pipefail;  
        /opt/hmmcopy_utils/bin/readCounter --window 1000000 --quality 20         --chromosome chr1,chr2,chr3,chr4,chr5,chr6,chr7,chr8,chr9,chr10,chr11,chr12,chr13,chr14,chr15,chr16,chr17,chr18,chr19,chr20,chr21,chr22,chrX         test/frag-bam/lib002_hg19_frag90_150.bam > test/wig/lib002_hg19_frag90_150.wig'
[Mon May 16 14:50:55 2022]
Activating singularity image /home/jszymanski/sing_containers/mpnst.sif
rule bam_to_wig:
    input: test/frag-bam/lib004_hg38_frag90_150.bam
    output: test/wig/lib004_hg38_frag90_150.wig
    jobid: 8
    wildcards: library_id=lib004_hg38, frag_distro=90_150
    resources: tmpdir=/tmp


        /opt/hmmcopy_utils/bin/readCounter --window 1000000 --quality 20         --chromosome chr1,chr2,chr3,chr4,chr5,chr6,chr7,chr8,chr9,chr10,chr11,chr12,chr13,chr14,chr15,chr16,chr17,chr18,chr19,chr20,chr21,chr22,chrX         test/frag-bam/lib004_hg38_frag90_150.bam > test/wig/lib004_hg38_frag90_150.wig
        
 singularity  exec --home /home/jszymanski/repos/cfdna-cna --bind /home/jszymanski:/home/jszymanski --bind /mnt:/mnt /home/jszymanski/sing_containers/mpnst.sif bash -c 'set -euo pipefail;  
        /opt/hmmcopy_utils/bin/readCounter --window 1000000 --quality 20         --chromosome chr1,chr2,chr3,chr4,chr5,chr6,chr7,chr8,chr9,chr10,chr11,chr12,chr13,chr14,chr15,chr16,chr17,chr18,chr19,chr20,chr21,chr22,chrX         test/frag-bam/lib004_hg38_frag90_150.bam > test/wig/lib004_hg38_frag90_150.wig'

Activating singularity image /home/jszymanski/sing_containers/mpnst.sif
[Mon May 16 14:50:55 2022]
rule bam_to_wig:
    input: test/frag-bam/lib001_hg19_frag90_150.bam
    output: test/wig/lib001_hg19_frag90_150.wig
    jobid: 5
    wildcards: library_id=lib001_hg19, frag_distro=90_150
    resources: tmpdir=/tmp


        /opt/hmmcopy_utils/bin/readCounter --window 1000000 --quality 20         --chromosome chr1,chr2,chr3,chr4,chr5,chr6,chr7,chr8,chr9,chr10,chr11,chr12,chr13,chr14,chr15,chr16,chr17,chr18,chr19,chr20,chr21,chr22,chrX         test/frag-bam/lib001_hg19_frag90_150.bam > test/wig/lib001_hg19_frag90_150.wig
        
 singularity  exec --home /home/jszymanski/repos/cfdna-cna --bind /home/jszymanski:/home/jszymanski --bind /mnt:/mnt /home/jszymanski/sing_containers/mpnst.sif bash -c 'set -euo pipefail;  
        /opt/hmmcopy_utils/bin/readCounter --window 1000000 --quality 20         --chromosome chr1,chr2,chr3,chr4,chr5,chr6,chr7,chr8,chr9,chr10,chr11,chr12,chr13,chr14,chr15,chr16,chr17,chr18,chr19,chr20,chr21,chr22,chrX         test/frag-bam/lib001_hg19_frag90_150.bam > test/wig/lib001_hg19_frag90_150.wig'

Activating singularity image /home/jszymanski/sing_containers/mpnst.sif
[Mon May 16 14:50:55 2022]
rule bam_to_wig:
    input: test/frag-bam/lib003_hg38_frag90_150.bam
    output: test/wig/lib003_hg38_frag90_150.wig
    jobid: 7
    wildcards: library_id=lib003_hg38, frag_distro=90_150
    resources: tmpdir=/tmp


        /opt/hmmcopy_utils/bin/readCounter --window 1000000 --quality 20         --chromosome chr1,chr2,chr3,chr4,chr5,chr6,chr7,chr8,chr9,chr10,chr11,chr12,chr13,chr14,chr15,chr16,chr17,chr18,chr19,chr20,chr21,chr22,chrX         test/frag-bam/lib003_hg38_frag90_150.bam > test/wig/lib003_hg38_frag90_150.wig
        
 singularity  exec --home /home/jszymanski/repos/cfdna-cna --bind /home/jszymanski:/home/jszymanski --bind /mnt:/mnt /home/jszymanski/sing_containers/mpnst.sif bash -c 'set -euo pipefail;  
        /opt/hmmcopy_utils/bin/readCounter --window 1000000 --quality 20         --chromosome chr1,chr2,chr3,chr4,chr5,chr6,chr7,chr8,chr9,chr10,chr11,chr12,chr13,chr14,chr15,chr16,chr17,chr18,chr19,chr20,chr21,chr22,chrX         test/frag-bam/lib003_hg38_frag90_150.bam > test/wig/lib003_hg38_frag90_150.wig'
Activating singularity image /home/jszymanski/sing_containers/mpnst.sif
[Mon May 16 14:50:55 2022]
Finished job 7.
1 of 5 steps (20%) done
[Mon May 16 14:50:55 2022]
Finished job 8.
2 of 5 steps (40%) done
[Mon May 16 14:50:56 2022]
Finished job 5.
3 of 5 steps (60%) done
[Mon May 16 14:50:56 2022]
Finished job 6.
4 of 5 steps (80%) done
Resources before job selection: {'_cores': 4, '_nodes': 9223372036854775807}
Ready jobs (1):
	all
Select jobs to execute...
Using greedy selector because only single job has to be scheduled.
Selected jobs (1):
	all
Resources after job selection: {'_cores': 3, '_nodes': 9223372036854775806}

[Mon May 16 14:50:56 2022]
localrule all:
    input: test/frag-bam/lib001_hg19_frag90_150.bam, test/frag-bam/lib002_hg19_frag90_150.bam, test/frag-bam/lib003_hg38_frag90_150.bam, test/frag-bam/lib004_hg38_frag90_150.bam, test/wig/lib001_hg19_frag90_150.wig, test/wig/lib002_hg19_frag90_150.wig, test/wig/lib003_hg38_frag90_150.wig, test/wig/lib004_hg38_frag90_150.wig
    jobid: 0
    resources: tmpdir=/tmp

[Mon May 16 14:50:56 2022]
Finished job 0.
5 of 5 steps (100%) done
Complete log: /home/jszymanski/repos/cfdna-cna/.snakemake/log/2022-05-16T145055.211774.snakemake.log
unlocking
removing lock
removing lock
removed all locks
