Multiple includes of /home/jeszyman/repos/cfdna-cna/workflow/cfdna_wgs_cna.smk ignored
Building DAG of jobs...
Using shell: /bin/bash
Provided cores: 4
Rules claiming more threads will be scaled down.
Job stats:
job           count    min threads    max threads
----------  -------  -------------  -------------
all               1              1              1
bam_to_wig        6              1              1
frag_filt         6              1              1
pon_txt           3              1              1
total            16              1              1

Resources before job selection: {'_cores': 4, '_nodes': 9223372036854775807}
Ready jobs (6):
	frag_filt
	frag_filt
	frag_filt
	frag_filt
	frag_filt
	frag_filt
Select jobs to execute...
Selected jobs (4):
	frag_filt
	frag_filt
	frag_filt
	frag_filt
Resources after job selection: {'_cores': 0, '_nodes': 9223372036854775803}

[Wed Jun  1 13:59:50 2022]
rule frag_filt:
    input: test/bam/lib001.bam
    output: test/frag-bam/lib001_frag90_150.nohead, test/frag-bam/lib001_frag90_150.onlyhead, test/frag-bam/lib001_frag90_150.bam
    jobid: 1
    wildcards: library_id=lib001, frag_distro=90_150
    resources: tmpdir=/tmp


        frag_min=$(echo 90_150 | sed -e "s/_.*$//g")
        frag_max=$(echo 90_150 | sed -e "s/^.*_//g")
        .//workflow/scripts/frag_filt.sh test/bam/lib001.bam                                       test/frag-bam/lib001_frag90_150.nohead                                       $frag_min                                       $frag_max                                       4                                       test/frag-bam/lib001_frag90_150.onlyhead                                       test/frag-bam/lib001_frag90_150.bam
        

[Wed Jun  1 13:59:50 2022]
rule frag_filt:
    input: test/bam/lib002.bam
    output: test/frag-bam/lib002_frag90_150.nohead, test/frag-bam/lib002_frag90_150.onlyhead, test/frag-bam/lib002_frag90_150.bam
    jobid: 2
    wildcards: library_id=lib002, frag_distro=90_150
    resources: tmpdir=/tmp


        frag_min=$(echo 90_150 | sed -e "s/_.*$//g")
        frag_max=$(echo 90_150 | sed -e "s/^.*_//g")
        .//workflow/scripts/frag_filt.sh test/bam/lib002.bam                                       test/frag-bam/lib002_frag90_150.nohead                                       $frag_min                                       $frag_max                                       4                                       test/frag-bam/lib002_frag90_150.onlyhead                                       test/frag-bam/lib002_frag90_150.bam
        
 singularity  exec --home /home/jeszyman/repos/cfdna-cna --bind /home/jeszyman:/home/jeszyman --bind /mnt:/mnt /home/jeszyman/sing_containers/mpnst.sif bash -c 'set -euo pipefail;  
        frag_min=$(echo 90_150 | sed -e "s/_.*$//g")
        frag_max=$(echo 90_150 | sed -e "s/^.*_//g")
        .//workflow/scripts/frag_filt.sh test/bam/lib001.bam                                       test/frag-bam/lib001_frag90_150.nohead                                       $frag_min                                       $frag_max                                       4                                       test/frag-bam/lib001_frag90_150.onlyhead                                       test/frag-bam/lib001_frag90_150.bam'
Activating singularity image /home/jeszyman/sing_containers/mpnst.sif

[Wed Jun  1 13:59:50 2022]
rule frag_filt:
    input: test/bam/lib005.bam
    output: test/frag-bam/lib005_frag90_150.nohead, test/frag-bam/lib005_frag90_150.onlyhead, test/frag-bam/lib005_frag90_150.bam
    jobid: 5
    wildcards: library_id=lib005, frag_distro=90_150
    resources: tmpdir=/tmp


        frag_min=$(echo 90_150 | sed -e "s/_.*$//g")
        frag_max=$(echo 90_150 | sed -e "s/^.*_//g")
        .//workflow/scripts/frag_filt.sh test/bam/lib005.bam                                       test/frag-bam/lib005_frag90_150.nohead                                       $frag_min                                       $frag_max                                       4                                       test/frag-bam/lib005_frag90_150.onlyhead                                       test/frag-bam/lib005_frag90_150.bam
        
 singularity  exec --home /home/jeszyman/repos/cfdna-cna --bind /home/jeszyman:/home/jeszyman --bind /mnt:/mnt /home/jeszyman/sing_containers/mpnst.sif bash -c 'set -euo pipefail;  
        frag_min=$(echo 90_150 | sed -e "s/_.*$//g")
        frag_max=$(echo 90_150 | sed -e "s/^.*_//g")
        .//workflow/scripts/frag_filt.sh test/bam/lib002.bam                                       test/frag-bam/lib002_frag90_150.nohead                                       $frag_min                                       $frag_max                                       4                                       test/frag-bam/lib002_frag90_150.onlyhead                                       test/frag-bam/lib002_frag90_150.bam'
Activating singularity image /home/jeszyman/sing_containers/mpnst.sif

[Wed Jun  1 13:59:50 2022]
rule frag_filt:
    input: test/bam/lib003.bam
    output: test/frag-bam/lib003_frag90_150.nohead, test/frag-bam/lib003_frag90_150.onlyhead, test/frag-bam/lib003_frag90_150.bam
    jobid: 3
    wildcards: library_id=lib003, frag_distro=90_150
    resources: tmpdir=/tmp


        frag_min=$(echo 90_150 | sed -e "s/_.*$//g")
        frag_max=$(echo 90_150 | sed -e "s/^.*_//g")
        .//workflow/scripts/frag_filt.sh test/bam/lib003.bam                                       test/frag-bam/lib003_frag90_150.nohead                                       $frag_min                                       $frag_max                                       4                                       test/frag-bam/lib003_frag90_150.onlyhead                                       test/frag-bam/lib003_frag90_150.bam
        
 singularity  exec --home /home/jeszyman/repos/cfdna-cna --bind /home/jeszyman:/home/jeszyman --bind /mnt:/mnt /home/jeszyman/sing_containers/mpnst.sif bash -c 'set -euo pipefail;  
        frag_min=$(echo 90_150 | sed -e "s/_.*$//g")
        frag_max=$(echo 90_150 | sed -e "s/^.*_//g")
        .//workflow/scripts/frag_filt.sh test/bam/lib005.bam                                       test/frag-bam/lib005_frag90_150.nohead                                       $frag_min                                       $frag_max                                       4                                       test/frag-bam/lib005_frag90_150.onlyhead                                       test/frag-bam/lib005_frag90_150.bam'
Activating singularity image /home/jeszyman/sing_containers/mpnst.sif
 singularity  exec --home /home/jeszyman/repos/cfdna-cna --bind /home/jeszyman:/home/jeszyman --bind /mnt:/mnt /home/jeszyman/sing_containers/mpnst.sif bash -c 'set -euo pipefail;  
        frag_min=$(echo 90_150 | sed -e "s/_.*$//g")
        frag_max=$(echo 90_150 | sed -e "s/^.*_//g")
        .//workflow/scripts/frag_filt.sh test/bam/lib003.bam                                       test/frag-bam/lib003_frag90_150.nohead                                       $frag_min                                       $frag_max                                       4                                       test/frag-bam/lib003_frag90_150.onlyhead                                       test/frag-bam/lib003_frag90_150.bam'
Activating singularity image /home/jeszyman/sing_containers/mpnst.sif
Removing temporary output file test/frag-bam/lib003_frag90_150.nohead.
Removing temporary output file test/frag-bam/lib003_frag90_150.onlyhead.
[Wed Jun  1 13:59:52 2022]
Finished job 3.
1 of 16 steps (6%) done
Resources before job selection: {'_cores': 1, '_nodes': 9223372036854775804}
Ready jobs (3):
	frag_filt
	frag_filt
	bam_to_wig
Select jobs to execute...
Selected jobs (1):
	bam_to_wig
Resources after job selection: {'_cores': 0, '_nodes': 9223372036854775803}

[Wed Jun  1 13:59:52 2022]
rule bam_to_wig:
    input: test/frag-bam/lib003_frag90_150.bam
    output: test/wig/lib003_frag90_150.wig
    jobid: 9
    wildcards: library_id=lib003, frag_distro=90_150
    resources: tmpdir=/tmp


        /opt/hmmcopy_utils/bin/readCounter --window 1000000 --quality 20         --chromosome chr1,chr2,chr3,chr4,chr5,chr6,chr7,chr8,chr9,chr10,chr11,chr12,chr13,chr14,chr15,chr16,chr17,chr18,chr19,chr20,chr21,chr22,chrX         test/frag-bam/lib003_frag90_150.bam > test/wig/lib003_frag90_150.wig
        
 singularity  exec --home /home/jeszyman/repos/cfdna-cna --bind /home/jeszyman:/home/jeszyman --bind /mnt:/mnt /home/jeszyman/sing_containers/mpnst.sif bash -c 'set -euo pipefail;  
        /opt/hmmcopy_utils/bin/readCounter --window 1000000 --quality 20         --chromosome chr1,chr2,chr3,chr4,chr5,chr6,chr7,chr8,chr9,chr10,chr11,chr12,chr13,chr14,chr15,chr16,chr17,chr18,chr19,chr20,chr21,chr22,chrX         test/frag-bam/lib003_frag90_150.bam > test/wig/lib003_frag90_150.wig'
Activating singularity image /home/jeszyman/sing_containers/mpnst.sif
Removing temporary output file test/frag-bam/lib002_frag90_150.nohead.
Removing temporary output file test/frag-bam/lib002_frag90_150.onlyhead.
[Wed Jun  1 13:59:52 2022]
Finished job 2.
2 of 16 steps (12%) done
Resources before job selection: {'_cores': 1, '_nodes': 9223372036854775804}
Ready jobs (3):
	frag_filt
	frag_filt
	bam_to_wig
Select jobs to execute...
Selected jobs (1):
	bam_to_wig
Resources after job selection: {'_cores': 0, '_nodes': 9223372036854775803}

[Wed Jun  1 13:59:52 2022]
rule bam_to_wig:
    input: test/frag-bam/lib002_frag90_150.bam
    output: test/wig/lib002_frag90_150.wig
    jobid: 8
    wildcards: library_id=lib002, frag_distro=90_150
    resources: tmpdir=/tmp


        /opt/hmmcopy_utils/bin/readCounter --window 1000000 --quality 20         --chromosome chr1,chr2,chr3,chr4,chr5,chr6,chr7,chr8,chr9,chr10,chr11,chr12,chr13,chr14,chr15,chr16,chr17,chr18,chr19,chr20,chr21,chr22,chrX         test/frag-bam/lib002_frag90_150.bam > test/wig/lib002_frag90_150.wig
        
 singularity  exec --home /home/jeszyman/repos/cfdna-cna --bind /home/jeszyman:/home/jeszyman --bind /mnt:/mnt /home/jeszyman/sing_containers/mpnst.sif bash -c 'set -euo pipefail;  
        /opt/hmmcopy_utils/bin/readCounter --window 1000000 --quality 20         --chromosome chr1,chr2,chr3,chr4,chr5,chr6,chr7,chr8,chr9,chr10,chr11,chr12,chr13,chr14,chr15,chr16,chr17,chr18,chr19,chr20,chr21,chr22,chrX         test/frag-bam/lib002_frag90_150.bam > test/wig/lib002_frag90_150.wig'
Activating singularity image /home/jeszyman/sing_containers/mpnst.sif
Removing temporary output file test/frag-bam/lib001_frag90_150.nohead.
Removing temporary output file test/frag-bam/lib001_frag90_150.onlyhead.
[Wed Jun  1 13:59:52 2022]
Finished job 1.
3 of 16 steps (19%) done
Resources before job selection: {'_cores': 1, '_nodes': 9223372036854775804}
Ready jobs (3):
	frag_filt
	frag_filt
	bam_to_wig
Select jobs to execute...
Selected jobs (1):
	bam_to_wig
Resources after job selection: {'_cores': 0, '_nodes': 9223372036854775803}

[Wed Jun  1 13:59:52 2022]
rule bam_to_wig:
    input: test/frag-bam/lib001_frag90_150.bam
    output: test/wig/lib001_frag90_150.wig
    jobid: 7
    wildcards: library_id=lib001, frag_distro=90_150
    resources: tmpdir=/tmp


        /opt/hmmcopy_utils/bin/readCounter --window 1000000 --quality 20         --chromosome chr1,chr2,chr3,chr4,chr5,chr6,chr7,chr8,chr9,chr10,chr11,chr12,chr13,chr14,chr15,chr16,chr17,chr18,chr19,chr20,chr21,chr22,chrX         test/frag-bam/lib001_frag90_150.bam > test/wig/lib001_frag90_150.wig
        
 singularity  exec --home /home/jeszyman/repos/cfdna-cna --bind /home/jeszyman:/home/jeszyman --bind /mnt:/mnt /home/jeszyman/sing_containers/mpnst.sif bash -c 'set -euo pipefail;  
        /opt/hmmcopy_utils/bin/readCounter --window 1000000 --quality 20         --chromosome chr1,chr2,chr3,chr4,chr5,chr6,chr7,chr8,chr9,chr10,chr11,chr12,chr13,chr14,chr15,chr16,chr17,chr18,chr19,chr20,chr21,chr22,chrX         test/frag-bam/lib001_frag90_150.bam > test/wig/lib001_frag90_150.wig'
Activating singularity image /home/jeszyman/sing_containers/mpnst.sif
[Wed Jun  1 13:59:53 2022]
Finished job 9.
4 of 16 steps (25%) done
Resources before job selection: {'_cores': 1, '_nodes': 9223372036854775804}
Ready jobs (3):
	frag_filt
	frag_filt
	pon_txt
Select jobs to execute...
Selected jobs (1):
	pon_txt
Resources after job selection: {'_cores': 0, '_nodes': 9223372036854775803}

[Wed Jun  1 13:59:53 2022]
rule pon_txt:
    input: test/wig/lib003_frag90_150.wig
    output: test/wig/norm_filename_lib003_frag90_150.txt
    jobid: 15
    wildcards: library_id=lib003, frag_distro=90_150
    resources: tmpdir=/tmp


        if [ -f test/wig/normals.txt ]; then rm test/wig/normals.txt; fi
        touch test/wig/normals.txt
        readlink -f test/wig/lib003_frag90_150.wig > test/wig/norm_filename_lib003_frag90_150.txt
        cat test/wig/norm_filename_lib003_frag90_150.txt >> test/wig/normals.txt
        touch test/wig/normals.txt.test
        echo test/wig/lib003_frag90_150.wig test/wig/normals.txt.test
        
 singularity  exec --home /home/jeszyman/repos/cfdna-cna --bind /home/jeszyman:/home/jeszyman --bind /mnt:/mnt /home/jeszyman/sing_containers/mpnst.sif bash -c 'set -euo pipefail;  
        if [ -f test/wig/normals.txt ]; then rm test/wig/normals.txt; fi
        touch test/wig/normals.txt
        readlink -f test/wig/lib003_frag90_150.wig > test/wig/norm_filename_lib003_frag90_150.txt
        cat test/wig/norm_filename_lib003_frag90_150.txt >> test/wig/normals.txt
        touch test/wig/normals.txt.test
        echo test/wig/lib003_frag90_150.wig test/wig/normals.txt.test'
Activating singularity image /home/jeszyman/sing_containers/mpnst.sif
Removing temporary output file test/frag-bam/lib005_frag90_150.nohead.
Removing temporary output file test/frag-bam/lib005_frag90_150.onlyhead.
[Wed Jun  1 13:59:53 2022]
Finished job 5.
5 of 16 steps (31%) done
Resources before job selection: {'_cores': 1, '_nodes': 9223372036854775804}
Ready jobs (3):
	frag_filt
	frag_filt
	bam_to_wig
Select jobs to execute...
Selected jobs (1):
	bam_to_wig
Resources after job selection: {'_cores': 0, '_nodes': 9223372036854775803}

[Wed Jun  1 13:59:53 2022]
rule bam_to_wig:
    input: test/frag-bam/lib005_frag90_150.bam
    output: test/wig/lib005_frag90_150.wig
    jobid: 11
    wildcards: library_id=lib005, frag_distro=90_150
    resources: tmpdir=/tmp


        /opt/hmmcopy_utils/bin/readCounter --window 1000000 --quality 20         --chromosome chr1,chr2,chr3,chr4,chr5,chr6,chr7,chr8,chr9,chr10,chr11,chr12,chr13,chr14,chr15,chr16,chr17,chr18,chr19,chr20,chr21,chr22,chrX         test/frag-bam/lib005_frag90_150.bam > test/wig/lib005_frag90_150.wig
        
 singularity  exec --home /home/jeszyman/repos/cfdna-cna --bind /home/jeszyman:/home/jeszyman --bind /mnt:/mnt /home/jeszyman/sing_containers/mpnst.sif bash -c 'set -euo pipefail;  
        /opt/hmmcopy_utils/bin/readCounter --window 1000000 --quality 20         --chromosome chr1,chr2,chr3,chr4,chr5,chr6,chr7,chr8,chr9,chr10,chr11,chr12,chr13,chr14,chr15,chr16,chr17,chr18,chr19,chr20,chr21,chr22,chrX         test/frag-bam/lib005_frag90_150.bam > test/wig/lib005_frag90_150.wig'
Activating singularity image /home/jeszyman/sing_containers/mpnst.sif
[Wed Jun  1 13:59:53 2022]
Finished job 8.
6 of 16 steps (38%) done
Resources before job selection: {'_cores': 1, '_nodes': 9223372036854775804}
Ready jobs (3):
	frag_filt
	frag_filt
	pon_txt
Select jobs to execute...
Selected jobs (1):
	pon_txt
Resources after job selection: {'_cores': 0, '_nodes': 9223372036854775803}

[Wed Jun  1 13:59:53 2022]
rule pon_txt:
    input: test/wig/lib002_frag90_150.wig
    output: test/wig/norm_filename_lib002_frag90_150.txt
    jobid: 14
    wildcards: library_id=lib002, frag_distro=90_150
    resources: tmpdir=/tmp


        if [ -f test/wig/normals.txt ]; then rm test/wig/normals.txt; fi
        touch test/wig/normals.txt
        readlink -f test/wig/lib002_frag90_150.wig > test/wig/norm_filename_lib002_frag90_150.txt
        cat test/wig/norm_filename_lib002_frag90_150.txt >> test/wig/normals.txt
        touch test/wig/normals.txt.test
        echo test/wig/lib002_frag90_150.wig test/wig/normals.txt.test
        
 singularity  exec --home /home/jeszyman/repos/cfdna-cna --bind /home/jeszyman:/home/jeszyman --bind /mnt:/mnt /home/jeszyman/sing_containers/mpnst.sif bash -c 'set -euo pipefail;  
        if [ -f test/wig/normals.txt ]; then rm test/wig/normals.txt; fi
        touch test/wig/normals.txt
        readlink -f test/wig/lib002_frag90_150.wig > test/wig/norm_filename_lib002_frag90_150.txt
        cat test/wig/norm_filename_lib002_frag90_150.txt >> test/wig/normals.txt
        touch test/wig/normals.txt.test
        echo test/wig/lib002_frag90_150.wig test/wig/normals.txt.test'
Activating singularity image /home/jeszyman/sing_containers/mpnst.sif
[Wed Jun  1 13:59:53 2022]
Finished job 7.
7 of 16 steps (44%) done
Resources before job selection: {'_cores': 1, '_nodes': 9223372036854775804}
Ready jobs (3):
	frag_filt
	frag_filt
	pon_txt
Select jobs to execute...
Selected jobs (1):
	pon_txt
Resources after job selection: {'_cores': 0, '_nodes': 9223372036854775803}

[Wed Jun  1 13:59:53 2022]
rule pon_txt:
    input: test/wig/lib001_frag90_150.wig
    output: test/wig/norm_filename_lib001_frag90_150.txt
    jobid: 13
    wildcards: library_id=lib001, frag_distro=90_150
    resources: tmpdir=/tmp


        if [ -f test/wig/normals.txt ]; then rm test/wig/normals.txt; fi
        touch test/wig/normals.txt
        readlink -f test/wig/lib001_frag90_150.wig > test/wig/norm_filename_lib001_frag90_150.txt
        cat test/wig/norm_filename_lib001_frag90_150.txt >> test/wig/normals.txt
        touch test/wig/normals.txt.test
        echo test/wig/lib001_frag90_150.wig test/wig/normals.txt.test
        
 singularity  exec --home /home/jeszyman/repos/cfdna-cna --bind /home/jeszyman:/home/jeszyman --bind /mnt:/mnt /home/jeszyman/sing_containers/mpnst.sif bash -c 'set -euo pipefail;  
        if [ -f test/wig/normals.txt ]; then rm test/wig/normals.txt; fi
        touch test/wig/normals.txt
        readlink -f test/wig/lib001_frag90_150.wig > test/wig/norm_filename_lib001_frag90_150.txt
        cat test/wig/norm_filename_lib001_frag90_150.txt >> test/wig/normals.txt
        touch test/wig/normals.txt.test
        echo test/wig/lib001_frag90_150.wig test/wig/normals.txt.test'
Activating singularity image /home/jeszyman/sing_containers/mpnst.sif
[Wed Jun  1 13:59:53 2022]
Finished job 15.
8 of 16 steps (50%) done
Resources before job selection: {'_cores': 1, '_nodes': 9223372036854775804}
Ready jobs (2):
	frag_filt
	frag_filt
Select jobs to execute...
Selected jobs (1):
	frag_filt
Resources after job selection: {'_cores': 0, '_nodes': 9223372036854775803}

[Wed Jun  1 13:59:53 2022]
rule frag_filt:
    input: test/bam/lib006.bam
    output: test/frag-bam/lib006_frag90_150.nohead, test/frag-bam/lib006_frag90_150.onlyhead, test/frag-bam/lib006_frag90_150.bam
    jobid: 6
    wildcards: library_id=lib006, frag_distro=90_150
    resources: tmpdir=/tmp


        frag_min=$(echo 90_150 | sed -e "s/_.*$//g")
        frag_max=$(echo 90_150 | sed -e "s/^.*_//g")
        .//workflow/scripts/frag_filt.sh test/bam/lib006.bam                                       test/frag-bam/lib006_frag90_150.nohead                                       $frag_min                                       $frag_max                                       4                                       test/frag-bam/lib006_frag90_150.onlyhead                                       test/frag-bam/lib006_frag90_150.bam
        
 singularity  exec --home /home/jeszyman/repos/cfdna-cna --bind /home/jeszyman:/home/jeszyman --bind /mnt:/mnt /home/jeszyman/sing_containers/mpnst.sif bash -c 'set -euo pipefail;  
        frag_min=$(echo 90_150 | sed -e "s/_.*$//g")
        frag_max=$(echo 90_150 | sed -e "s/^.*_//g")
        .//workflow/scripts/frag_filt.sh test/bam/lib006.bam                                       test/frag-bam/lib006_frag90_150.nohead                                       $frag_min                                       $frag_max                                       4                                       test/frag-bam/lib006_frag90_150.onlyhead                                       test/frag-bam/lib006_frag90_150.bam'
Activating singularity image /home/jeszyman/sing_containers/mpnst.sif
[Wed Jun  1 13:59:53 2022]
Finished job 14.
9 of 16 steps (56%) done
Resources before job selection: {'_cores': 1, '_nodes': 9223372036854775804}
Ready jobs (1):
	frag_filt
Select jobs to execute...
Using greedy selector because only single job has to be scheduled.
Selected jobs (1):
	frag_filt
Resources after job selection: {'_cores': 0, '_nodes': 9223372036854775803}

[Wed Jun  1 13:59:53 2022]
rule frag_filt:
    input: test/bam/lib004.bam
    output: test/frag-bam/lib004_frag90_150.nohead, test/frag-bam/lib004_frag90_150.onlyhead, test/frag-bam/lib004_frag90_150.bam
    jobid: 4
    wildcards: library_id=lib004, frag_distro=90_150
    resources: tmpdir=/tmp


        frag_min=$(echo 90_150 | sed -e "s/_.*$//g")
        frag_max=$(echo 90_150 | sed -e "s/^.*_//g")
        .//workflow/scripts/frag_filt.sh test/bam/lib004.bam                                       test/frag-bam/lib004_frag90_150.nohead                                       $frag_min                                       $frag_max                                       4                                       test/frag-bam/lib004_frag90_150.onlyhead                                       test/frag-bam/lib004_frag90_150.bam
        
 singularity  exec --home /home/jeszyman/repos/cfdna-cna --bind /home/jeszyman:/home/jeszyman --bind /mnt:/mnt /home/jeszyman/sing_containers/mpnst.sif bash -c 'set -euo pipefail;  
        frag_min=$(echo 90_150 | sed -e "s/_.*$//g")
        frag_max=$(echo 90_150 | sed -e "s/^.*_//g")
        .//workflow/scripts/frag_filt.sh test/bam/lib004.bam                                       test/frag-bam/lib004_frag90_150.nohead                                       $frag_min                                       $frag_max                                       4                                       test/frag-bam/lib004_frag90_150.onlyhead                                       test/frag-bam/lib004_frag90_150.bam'
Activating singularity image /home/jeszyman/sing_containers/mpnst.sif
[Wed Jun  1 13:59:53 2022]
Finished job 13.
10 of 16 steps (62%) done
[Wed Jun  1 13:59:53 2022]
Finished job 11.
11 of 16 steps (69%) done
Removing temporary output file test/frag-bam/lib004_frag90_150.nohead.
Removing temporary output file test/frag-bam/lib004_frag90_150.onlyhead.
[Wed Jun  1 13:59:54 2022]
Finished job 4.
12 of 16 steps (75%) done
Resources before job selection: {'_cores': 3, '_nodes': 9223372036854775806}
Ready jobs (1):
	bam_to_wig
Select jobs to execute...
Using greedy selector because only single job has to be scheduled.
Selected jobs (1):
	bam_to_wig
Resources after job selection: {'_cores': 2, '_nodes': 9223372036854775805}

[Wed Jun  1 13:59:54 2022]
rule bam_to_wig:
    input: test/frag-bam/lib004_frag90_150.bam
    output: test/wig/lib004_frag90_150.wig
    jobid: 10
    wildcards: library_id=lib004, frag_distro=90_150
    resources: tmpdir=/tmp


        /opt/hmmcopy_utils/bin/readCounter --window 1000000 --quality 20         --chromosome chr1,chr2,chr3,chr4,chr5,chr6,chr7,chr8,chr9,chr10,chr11,chr12,chr13,chr14,chr15,chr16,chr17,chr18,chr19,chr20,chr21,chr22,chrX         test/frag-bam/lib004_frag90_150.bam > test/wig/lib004_frag90_150.wig
        
 singularity  exec --home /home/jeszyman/repos/cfdna-cna --bind /home/jeszyman:/home/jeszyman --bind /mnt:/mnt /home/jeszyman/sing_containers/mpnst.sif bash -c 'set -euo pipefail;  
        /opt/hmmcopy_utils/bin/readCounter --window 1000000 --quality 20         --chromosome chr1,chr2,chr3,chr4,chr5,chr6,chr7,chr8,chr9,chr10,chr11,chr12,chr13,chr14,chr15,chr16,chr17,chr18,chr19,chr20,chr21,chr22,chrX         test/frag-bam/lib004_frag90_150.bam > test/wig/lib004_frag90_150.wig'
Activating singularity image /home/jeszyman/sing_containers/mpnst.sif
[Wed Jun  1 13:59:54 2022]
Finished job 10.
13 of 16 steps (81%) done
Removing temporary output file test/frag-bam/lib006_frag90_150.nohead.
Removing temporary output file test/frag-bam/lib006_frag90_150.onlyhead.
[Wed Jun  1 13:59:54 2022]
Finished job 6.
14 of 16 steps (88%) done
Resources before job selection: {'_cores': 4, '_nodes': 9223372036854775807}
Ready jobs (1):
	bam_to_wig
Select jobs to execute...
Using greedy selector because only single job has to be scheduled.
Selected jobs (1):
	bam_to_wig
Resources after job selection: {'_cores': 3, '_nodes': 9223372036854775806}

[Wed Jun  1 13:59:54 2022]
rule bam_to_wig:
    input: test/frag-bam/lib006_frag90_150.bam
    output: test/wig/lib006_frag90_150.wig
    jobid: 12
    wildcards: library_id=lib006, frag_distro=90_150
    resources: tmpdir=/tmp


        /opt/hmmcopy_utils/bin/readCounter --window 1000000 --quality 20         --chromosome chr1,chr2,chr3,chr4,chr5,chr6,chr7,chr8,chr9,chr10,chr11,chr12,chr13,chr14,chr15,chr16,chr17,chr18,chr19,chr20,chr21,chr22,chrX         test/frag-bam/lib006_frag90_150.bam > test/wig/lib006_frag90_150.wig
        
 singularity  exec --home /home/jeszyman/repos/cfdna-cna --bind /home/jeszyman:/home/jeszyman --bind /mnt:/mnt /home/jeszyman/sing_containers/mpnst.sif bash -c 'set -euo pipefail;  
        /opt/hmmcopy_utils/bin/readCounter --window 1000000 --quality 20         --chromosome chr1,chr2,chr3,chr4,chr5,chr6,chr7,chr8,chr9,chr10,chr11,chr12,chr13,chr14,chr15,chr16,chr17,chr18,chr19,chr20,chr21,chr22,chrX         test/frag-bam/lib006_frag90_150.bam > test/wig/lib006_frag90_150.wig'
Activating singularity image /home/jeszyman/sing_containers/mpnst.sif
[Wed Jun  1 13:59:55 2022]
Finished job 12.
15 of 16 steps (94%) done
Resources before job selection: {'_cores': 4, '_nodes': 9223372036854775807}
Ready jobs (1):
	all
Select jobs to execute...
Using greedy selector because only single job has to be scheduled.
Selected jobs (1):
	all
Resources after job selection: {'_cores': 3, '_nodes': 9223372036854775806}

[Wed Jun  1 13:59:55 2022]
localrule all:
    input: test/frag-bam/lib001_frag90_150.bam, test/frag-bam/lib002_frag90_150.bam, test/frag-bam/lib003_frag90_150.bam, test/frag-bam/lib004_frag90_150.bam, test/frag-bam/lib005_frag90_150.bam, test/frag-bam/lib006_frag90_150.bam, test/wig/lib001_frag90_150.wig, test/wig/lib002_frag90_150.wig, test/wig/lib003_frag90_150.wig, test/wig/lib004_frag90_150.wig, test/wig/lib005_frag90_150.wig, test/wig/lib006_frag90_150.wig, test/wig/norm_filename_lib001_frag90_150.txt, test/wig/norm_filename_lib002_frag90_150.txt, test/wig/norm_filename_lib003_frag90_150.txt
    jobid: 0
    resources: tmpdir=/tmp

Removing temporary output file test/wig/norm_filename_lib001_frag90_150.txt.
Removing temporary output file test/wig/norm_filename_lib002_frag90_150.txt.
Removing temporary output file test/wig/norm_filename_lib003_frag90_150.txt.
[Wed Jun  1 13:59:55 2022]
Finished job 0.
16 of 16 steps (100%) done
Complete log: /home/jeszyman/repos/cfdna-cna/.snakemake/log/2022-06-01T135950.341024.snakemake.log
unlocking
removing lock
removing lock
removed all locks
