Building DAG of jobs...
Using shell: /bin/bash
Provided cores: 4
Rules claiming more threads will be scaled down.
Job stats:
job           count    min threads    max threads
----------  -------  -------------  -------------
all               1              1              1
bam_to_wig        4              1              1
ichor             4              1              1
pon               1              1              1
pon_list          1              1              1
total            11              1              1

Resources before job selection: {'_cores': 4, '_nodes': 9223372036854775807}
Ready jobs (4):
	bam_to_wig
	bam_to_wig
	bam_to_wig
	bam_to_wig
Select jobs to execute...
Selected jobs (4):
	bam_to_wig
	bam_to_wig
	bam_to_wig
	bam_to_wig
Resources after job selection: {'_cores': 0, '_nodes': 9223372036854775803}

[Tue Aug 23 12:48:55 2022]
rule bam_to_wig:
    input: /home/jeszyman/repos/cfdna-cna/test/bam/frag/lib004_frag90_150.bam
    output: test/wig/lib004_frag90_150.wig
    jobid: 6
    wildcards: library=lib004, frag_distro=90_150
    resources: tmpdir=/tmp


        /opt/hmmcopy_utils/bin/readCounter --window 1000000 --quality 20         --chromosome chr1,chr2,chr3,chr4,chr5,chr6,chr7,chr8,chr9,chr10,chr11,chr12,chr13,chr14,chr15,chr16,chr17,chr18,chr19,chr20,chr21,chr22,chrX,chrY         /home/jeszyman/repos/cfdna-cna/test/bam/frag/lib004_frag90_150.bam > test/wig/lib004_frag90_150.wig
        

[Tue Aug 23 12:48:55 2022]
rule bam_to_wig:
    input: /home/jeszyman/repos/cfdna-cna/test/bam/frag/lib005_frag90_150.bam
    output: test/wig/lib005_frag90_150.wig
    jobid: 7
    wildcards: library=lib005, frag_distro=90_150
    resources: tmpdir=/tmp
 singularity  exec --home /home/jeszyman/repos/cfdna-cna --bind /home/jeszyman:/home/jeszyman --bind /mnt:/mnt --bind /opt/miniconda3/envs/snakemake/lib/python3.9/site-packages:/mnt/snakemake /home/jeszyman/sing_containers/cfdna_wgs.1.0.0.sif bash -c '/opt/hmmcopy_utils/bin/readCounter --window 1000000 --quality 20         --chromosome chr1,chr2,chr3,chr4,chr5,chr6,chr7,chr8,chr9,chr10,chr11,chr12,chr13,chr14,chr15,chr16,chr17,chr18,chr19,chr20,chr21,chr22,chrX,chrY         /home/jeszyman/repos/cfdna-cna/test/bam/frag/lib004_frag90_150.bam > test/wig/lib004_frag90_150.wig'

Activating singularity image /home/jeszyman/sing_containers/cfdna_wgs.1.0.0.sif

        /opt/hmmcopy_utils/bin/readCounter --window 1000000 --quality 20         --chromosome chr1,chr2,chr3,chr4,chr5,chr6,chr7,chr8,chr9,chr10,chr11,chr12,chr13,chr14,chr15,chr16,chr17,chr18,chr19,chr20,chr21,chr22,chrX,chrY         /home/jeszyman/repos/cfdna-cna/test/bam/frag/lib005_frag90_150.bam > test/wig/lib005_frag90_150.wig
        
 singularity  exec --home /home/jeszyman/repos/cfdna-cna --bind /home/jeszyman:/home/jeszyman --bind /mnt:/mnt --bind /opt/miniconda3/envs/snakemake/lib/python3.9/site-packages:/mnt/snakemake /home/jeszyman/sing_containers/cfdna_wgs.1.0.0.sif bash -c '/opt/hmmcopy_utils/bin/readCounter --window 1000000 --quality 20         --chromosome chr1,chr2,chr3,chr4,chr5,chr6,chr7,chr8,chr9,chr10,chr11,chr12,chr13,chr14,chr15,chr16,chr17,chr18,chr19,chr20,chr21,chr22,chrX,chrY         /home/jeszyman/repos/cfdna-cna/test/bam/frag/lib005_frag90_150.bam > test/wig/lib005_frag90_150.wig'
Activating singularity image /home/jeszyman/sing_containers/cfdna_wgs.1.0.0.sif

[Tue Aug 23 12:48:55 2022]
rule bam_to_wig:
    input: /home/jeszyman/repos/cfdna-cna/test/bam/frag/lib003_frag90_150.bam
    output: test/wig/lib003_frag90_150.wig
    jobid: 5
    wildcards: library=lib003, frag_distro=90_150
    resources: tmpdir=/tmp


        /opt/hmmcopy_utils/bin/readCounter --window 1000000 --quality 20         --chromosome chr1,chr2,chr3,chr4,chr5,chr6,chr7,chr8,chr9,chr10,chr11,chr12,chr13,chr14,chr15,chr16,chr17,chr18,chr19,chr20,chr21,chr22,chrX,chrY         /home/jeszyman/repos/cfdna-cna/test/bam/frag/lib003_frag90_150.bam > test/wig/lib003_frag90_150.wig
        

[Tue Aug 23 12:48:55 2022]
 singularity  exec --home /home/jeszyman/repos/cfdna-cna --bind /home/jeszyman:/home/jeszyman --bind /mnt:/mnt --bind /opt/miniconda3/envs/snakemake/lib/python3.9/site-packages:/mnt/snakemake /home/jeszyman/sing_containers/cfdna_wgs.1.0.0.sif bash -c '/opt/hmmcopy_utils/bin/readCounter --window 1000000 --quality 20         --chromosome chr1,chr2,chr3,chr4,chr5,chr6,chr7,chr8,chr9,chr10,chr11,chr12,chr13,chr14,chr15,chr16,chr17,chr18,chr19,chr20,chr21,chr22,chrX,chrY         /home/jeszyman/repos/cfdna-cna/test/bam/frag/lib003_frag90_150.bam > test/wig/lib003_frag90_150.wig'
rule bam_to_wig:
    input: /home/jeszyman/repos/cfdna-cna/test/bam/frag/lib006_frag90_150.bam
    output: test/wig/lib006_frag90_150.wig
    jobid: 8
    wildcards: library=lib006, frag_distro=90_150
    resources: tmpdir=/tmp
Activating singularity image /home/jeszyman/sing_containers/cfdna_wgs.1.0.0.sif


        /opt/hmmcopy_utils/bin/readCounter --window 1000000 --quality 20         --chromosome chr1,chr2,chr3,chr4,chr5,chr6,chr7,chr8,chr9,chr10,chr11,chr12,chr13,chr14,chr15,chr16,chr17,chr18,chr19,chr20,chr21,chr22,chrX,chrY         /home/jeszyman/repos/cfdna-cna/test/bam/frag/lib006_frag90_150.bam > test/wig/lib006_frag90_150.wig
        
 singularity  exec --home /home/jeszyman/repos/cfdna-cna --bind /home/jeszyman:/home/jeszyman --bind /mnt:/mnt --bind /opt/miniconda3/envs/snakemake/lib/python3.9/site-packages:/mnt/snakemake /home/jeszyman/sing_containers/cfdna_wgs.1.0.0.sif bash -c '/opt/hmmcopy_utils/bin/readCounter --window 1000000 --quality 20         --chromosome chr1,chr2,chr3,chr4,chr5,chr6,chr7,chr8,chr9,chr10,chr11,chr12,chr13,chr14,chr15,chr16,chr17,chr18,chr19,chr20,chr21,chr22,chrX,chrY         /home/jeszyman/repos/cfdna-cna/test/bam/frag/lib006_frag90_150.bam > test/wig/lib006_frag90_150.wig'
Activating singularity image /home/jeszyman/sing_containers/cfdna_wgs.1.0.0.sif
[Tue Aug 23 12:48:55 2022]
Finished job 6.
1 of 11 steps (9%) done
[Tue Aug 23 12:48:55 2022]
Finished job 5.
2 of 11 steps (18%) done
Resources before job selection: {'_cores': 2, '_nodes': 9223372036854775805}
Ready jobs (1):
	pon_list
Select jobs to execute...
Selected jobs (1):
	pon_list
Resources after job selection: {'_cores': 1, '_nodes': 9223372036854775804}

[Tue Aug 23 12:48:55 2022]
rule pon_list:
    input: test/wig/lib003_frag90_150.wig, test/wig/lib004_frag90_150.wig
    output: test/wig/normal.txt
    log: testlogs/cfdna_wgs/pon.log
    jobid: 9
    resources: tmpdir=/tmp


        input_string=$(echo "test/wig/lib003_frag90_150.wig test/wig/lib004_frag90_150.wig" | tr " " "
")
        if [ -f test/wig/normal.txt ]; then rm test/wig/normal.txt; fi
        echo -e "${input_string}" >> test/wig/normal.txt
        
[Tue Aug 23 12:48:55 2022]
Finished job 7.
 singularity  exec --home /home/jeszyman/repos/cfdna-cna --bind /home/jeszyman:/home/jeszyman --bind /mnt:/mnt --bind /opt/miniconda3/envs/snakemake/lib/python3.9/site-packages:/mnt/snakemake /home/jeszyman/sing_containers/cfdna_wgs.1.0.0.sif bash -c 'input_string=$(echo "test/wig/lib003_frag90_150.wig test/wig/lib004_frag90_150.wig" | tr " " "
")
        if [ -f test/wig/normal.txt ]; then rm test/wig/normal.txt; fi
        echo -e "${input_string}" >> test/wig/normal.txt'
3 of 11 steps (27%) done
Activating singularity image /home/jeszyman/sing_containers/cfdna_wgs.1.0.0.sif
[Tue Aug 23 12:48:55 2022]
Finished job 8.
4 of 11 steps (36%) done
[Tue Aug 23 12:48:56 2022]
Finished job 9.
5 of 11 steps (45%) done
Resources before job selection: {'_cores': 4, '_nodes': 9223372036854775807}
Ready jobs (1):
	pon
Select jobs to execute...
Selected jobs (1):
	pon
Resources after job selection: {'_cores': 3, '_nodes': 9223372036854775806}

[Tue Aug 23 12:48:56 2022]
rule pon:
    input: test/wig/normal.txt
    output: test/wig/pon_median.rds
    log: testlogs/cfdna_wgs/pon.log
    jobid: 10
    resources: tmpdir=/tmp


        .//workflow/scripts/pon.sh         test/wig/normal.txt         test/wig &> testlogs/cfdna_wgs/pon.log
        
 singularity  exec --home /home/jeszyman/repos/cfdna-cna --bind /home/jeszyman:/home/jeszyman --bind /mnt:/mnt --bind /opt/miniconda3/envs/snakemake/lib/python3.9/site-packages:/mnt/snakemake /home/jeszyman/sing_containers/cfdna_wgs.1.0.0.sif bash -c './/workflow/scripts/pon.sh         test/wig/normal.txt         test/wig &> testlogs/cfdna_wgs/pon.log'
Activating singularity image /home/jeszyman/sing_containers/cfdna_wgs.1.0.0.sif
[Tue Aug 23 12:48:59 2022]
Finished job 10.
6 of 11 steps (55%) done
Resources before job selection: {'_cores': 4, '_nodes': 9223372036854775807}
Ready jobs (4):
	ichor
	ichor
	ichor
	ichor
Select jobs to execute...
Selected jobs (4):
	ichor
	ichor
	ichor
	ichor
Resources after job selection: {'_cores': 0, '_nodes': 9223372036854775803}

[Tue Aug 23 12:48:59 2022]
rule ichor:
    input: test/wig/lib005_frag90_150.wig, test/wig/pon_median.rds
    output: test/ichor/lib005_frag90_150.cna.seg
    jobid: 13
    wildcards: library=lib005, frag_distro=90_150
    resources: tmpdir=/tmp


        Rscript .//workflow/scripts/MOD_runIchorCNA.R          --id lib005_frag90_150          --WIG test/wig/lib005_frag90_150.wig          --gcWig /opt/ichorCNA/inst/extdata/gc_hg38_1000kb.wig          --mapWig /opt/ichorCNA/inst/extdata/map_hg38_1000kb.wig          --centromere /opt/ichorCNA/inst/extdata/GRCh38.GCA_000001405.2_centromere_acen.txt          --normal "c(0.95, 0.99, 0.995, 0.999)"          --normalPanel test/wig/pon_median.rds          --ploidy "c(2)"          --maxCN 3          --estimateScPrevalence FALSE          --scStates "c()"          --outDir test/ichor
        
 singularity  exec --home /home/jeszyman/repos/cfdna-cna --bind /home/jeszyman:/home/jeszyman --bind /mnt:/mnt --bind /opt/miniconda3/envs/snakemake/lib/python3.9/site-packages:/mnt/snakemake /home/jeszyman/sing_containers/cfdna_wgs.1.0.0.sif bash -c 'Rscript .//workflow/scripts/MOD_runIchorCNA.R          --id lib005_frag90_150          --WIG test/wig/lib005_frag90_150.wig          --gcWig /opt/ichorCNA/inst/extdata/gc_hg38_1000kb.wig          --mapWig /opt/ichorCNA/inst/extdata/map_hg38_1000kb.wig          --centromere /opt/ichorCNA/inst/extdata/GRCh38.GCA_000001405.2_centromere_acen.txt          --normal "c(0.95, 0.99, 0.995, 0.999)"          --normalPanel test/wig/pon_median.rds          --ploidy "c(2)"          --maxCN 3          --estimateScPrevalence FALSE          --scStates "c()"          --outDir test/ichor'
Activating singularity image /home/jeszyman/sing_containers/cfdna_wgs.1.0.0.sif

[Tue Aug 23 12:48:59 2022]
rule ichor:
    input: test/wig/lib003_frag90_150.wig, test/wig/pon_median.rds
    output: test/ichor/lib003_frag90_150.cna.seg
    jobid: 11
    wildcards: library=lib003, frag_distro=90_150
    resources: tmpdir=/tmp


        Rscript .//workflow/scripts/MOD_runIchorCNA.R          --id lib003_frag90_150          --WIG test/wig/lib003_frag90_150.wig          --gcWig /opt/ichorCNA/inst/extdata/gc_hg38_1000kb.wig          --mapWig /opt/ichorCNA/inst/extdata/map_hg38_1000kb.wig          --centromere /opt/ichorCNA/inst/extdata/GRCh38.GCA_000001405.2_centromere_acen.txt          --normal "c(0.95, 0.99, 0.995, 0.999)"          --normalPanel test/wig/pon_median.rds          --ploidy "c(2)"          --maxCN 3          --estimateScPrevalence FALSE          --scStates "c()"          --outDir test/ichor
        
 singularity  exec --home /home/jeszyman/repos/cfdna-cna --bind /home/jeszyman:/home/jeszyman --bind /mnt:/mnt --bind /opt/miniconda3/envs/snakemake/lib/python3.9/site-packages:/mnt/snakemake /home/jeszyman/sing_containers/cfdna_wgs.1.0.0.sif bash -c 'Rscript .//workflow/scripts/MOD_runIchorCNA.R          --id lib003_frag90_150          --WIG test/wig/lib003_frag90_150.wig          --gcWig /opt/ichorCNA/inst/extdata/gc_hg38_1000kb.wig          --mapWig /opt/ichorCNA/inst/extdata/map_hg38_1000kb.wig          --centromere /opt/ichorCNA/inst/extdata/GRCh38.GCA_000001405.2_centromere_acen.txt          --normal "c(0.95, 0.99, 0.995, 0.999)"          --normalPanel test/wig/pon_median.rds          --ploidy "c(2)"          --maxCN 3          --estimateScPrevalence FALSE          --scStates "c()"          --outDir test/ichor'
Activating singularity image /home/jeszyman/sing_containers/cfdna_wgs.1.0.0.sif

[Tue Aug 23 12:48:59 2022]
rule ichor:
    input: test/wig/lib004_frag90_150.wig, test/wig/pon_median.rds
    output: test/ichor/lib004_frag90_150.cna.seg
    jobid: 12
    wildcards: library=lib004, frag_distro=90_150
    resources: tmpdir=/tmp


        Rscript .//workflow/scripts/MOD_runIchorCNA.R          --id lib004_frag90_150          --WIG test/wig/lib004_frag90_150.wig          --gcWig /opt/ichorCNA/inst/extdata/gc_hg38_1000kb.wig          --mapWig /opt/ichorCNA/inst/extdata/map_hg38_1000kb.wig          --centromere /opt/ichorCNA/inst/extdata/GRCh38.GCA_000001405.2_centromere_acen.txt          --normal "c(0.95, 0.99, 0.995, 0.999)"          --normalPanel test/wig/pon_median.rds          --ploidy "c(2)"          --maxCN 3          --estimateScPrevalence FALSE          --scStates "c()"          --outDir test/ichor
        
 singularity  exec --home /home/jeszyman/repos/cfdna-cna --bind /home/jeszyman:/home/jeszyman --bind /mnt:/mnt --bind /opt/miniconda3/envs/snakemake/lib/python3.9/site-packages:/mnt/snakemake /home/jeszyman/sing_containers/cfdna_wgs.1.0.0.sif bash -c 'Rscript .//workflow/scripts/MOD_runIchorCNA.R          --id lib004_frag90_150          --WIG test/wig/lib004_frag90_150.wig          --gcWig /opt/ichorCNA/inst/extdata/gc_hg38_1000kb.wig          --mapWig /opt/ichorCNA/inst/extdata/map_hg38_1000kb.wig          --centromere /opt/ichorCNA/inst/extdata/GRCh38.GCA_000001405.2_centromere_acen.txt          --normal "c(0.95, 0.99, 0.995, 0.999)"          --normalPanel test/wig/pon_median.rds          --ploidy "c(2)"          --maxCN 3          --estimateScPrevalence FALSE          --scStates "c()"          --outDir test/ichor'
Activating singularity image /home/jeszyman/sing_containers/cfdna_wgs.1.0.0.sif

[Tue Aug 23 12:48:59 2022]
rule ichor:
    input: test/wig/lib006_frag90_150.wig, test/wig/pon_median.rds
    output: test/ichor/lib006_frag90_150.cna.seg
    jobid: 14
    wildcards: library=lib006, frag_distro=90_150
    resources: tmpdir=/tmp


        Rscript .//workflow/scripts/MOD_runIchorCNA.R          --id lib006_frag90_150          --WIG test/wig/lib006_frag90_150.wig          --gcWig /opt/ichorCNA/inst/extdata/gc_hg38_1000kb.wig          --mapWig /opt/ichorCNA/inst/extdata/map_hg38_1000kb.wig          --centromere /opt/ichorCNA/inst/extdata/GRCh38.GCA_000001405.2_centromere_acen.txt          --normal "c(0.95, 0.99, 0.995, 0.999)"          --normalPanel test/wig/pon_median.rds          --ploidy "c(2)"          --maxCN 3          --estimateScPrevalence FALSE          --scStates "c()"          --outDir test/ichor
        
 singularity  exec --home /home/jeszyman/repos/cfdna-cna --bind /home/jeszyman:/home/jeszyman --bind /mnt:/mnt --bind /opt/miniconda3/envs/snakemake/lib/python3.9/site-packages:/mnt/snakemake /home/jeszyman/sing_containers/cfdna_wgs.1.0.0.sif bash -c 'Rscript .//workflow/scripts/MOD_runIchorCNA.R          --id lib006_frag90_150          --WIG test/wig/lib006_frag90_150.wig          --gcWig /opt/ichorCNA/inst/extdata/gc_hg38_1000kb.wig          --mapWig /opt/ichorCNA/inst/extdata/map_hg38_1000kb.wig          --centromere /opt/ichorCNA/inst/extdata/GRCh38.GCA_000001405.2_centromere_acen.txt          --normal "c(0.95, 0.99, 0.995, 0.999)"          --normalPanel test/wig/pon_median.rds          --ploidy "c(2)"          --maxCN 3          --estimateScPrevalence FALSE          --scStates "c()"          --outDir test/ichor'
Activating singularity image /home/jeszyman/sing_containers/cfdna_wgs.1.0.0.sif
[Tue Aug 23 12:49:21 2022]
Finished job 14.
7 of 11 steps (64%) done
[Tue Aug 23 12:49:22 2022]
Finished job 13.
8 of 11 steps (73%) done
[Tue Aug 23 12:49:26 2022]
Finished job 12.
9 of 11 steps (82%) done
[Tue Aug 23 12:49:31 2022]
Finished job 11.
10 of 11 steps (91%) done
Resources before job selection: {'_cores': 4, '_nodes': 9223372036854775807}
Ready jobs (1):
	all
Select jobs to execute...
Selected jobs (1):
	all
Resources after job selection: {'_cores': 3, '_nodes': 9223372036854775806}

[Tue Aug 23 12:49:31 2022]
localrule all:
    input: /home/jeszyman/repos/cfdna-cna/test/bam/frag/lib003_frag90_150.bam, /home/jeszyman/repos/cfdna-cna/test/bam/frag/lib004_frag90_150.bam, /home/jeszyman/repos/cfdna-cna/test/bam/frag/lib005_frag90_150.bam, /home/jeszyman/repos/cfdna-cna/test/bam/frag/lib006_frag90_150.bam, test/wig/lib003_frag90_150.wig, test/wig/lib004_frag90_150.wig, test/wig/lib005_frag90_150.wig, test/wig/lib006_frag90_150.wig, test/wig/normal.txt, test/wig/pon_median.rds, test/ichor/lib003_frag90_150.cna.seg, test/ichor/lib004_frag90_150.cna.seg, test/ichor/lib005_frag90_150.cna.seg, test/ichor/lib006_frag90_150.cna.seg
    jobid: 0
    resources: tmpdir=/tmp

[Tue Aug 23 12:49:31 2022]
Finished job 0.
11 of 11 steps (100%) done
Complete log: /home/jeszyman/repos/cfdna-cna/.snakemake/log/2022-08-23T124855.281122.snakemake.log
unlocking
removing lock
removing lock
removed all locks
