Building DAG of jobs...
Full Traceback (most recent call last):
  File "/opt/miniconda3/envs/snakemake/lib/python3.9/site-packages/snakemake/__init__.py", line 696, in snakemake
    success = workflow.execute(
  File "/opt/miniconda3/envs/snakemake/lib/python3.9/site-packages/snakemake/workflow.py", line 748, in execute
    dag.init()
  File "/opt/miniconda3/envs/snakemake/lib/python3.9/site-packages/snakemake/dag.py", line 179, in init
    job = self.update([job], progress=progress, create_inventory=True)
  File "/opt/miniconda3/envs/snakemake/lib/python3.9/site-packages/snakemake/dag.py", line 749, in update
    self.update_(
  File "/opt/miniconda3/envs/snakemake/lib/python3.9/site-packages/snakemake/dag.py", line 860, in update_
    selected_job = self.update(
  File "/opt/miniconda3/envs/snakemake/lib/python3.9/site-packages/snakemake/dag.py", line 763, in update
    raise AmbiguousRuleException(file, job, producer)
snakemake.exceptions.AmbiguousRuleException: Rules ichor and ichor_nopon are ambiguous for the file test/ichor/lib003_frag90_150.cna.seg.
Consider starting rule output with a unique prefix, constrain your wildcards, or use the ruleorder directive.
Wildcards:
	ichor: frag_distro=90_150,library=lib003
	ichor_nopon: frag_distro=90_150,library=lib003
Expected input files:
	ichor: test/wig/lib003_frag90_150.wig test/wig/pon_median.rds
	ichor_nopon: test/wig/lib003_frag90_150.wig test/wig/pon_median.rdsExpected output files:
	ichor: test/ichor/lib003_frag90_150.cna.seg
	ichor_nopon: test/ichor/lib003_frag90_150.cna.seg

AmbiguousRuleException:
Rules ichor and ichor_nopon are ambiguous for the file test/ichor/lib003_frag90_150.cna.seg.
Consider starting rule output with a unique prefix, constrain your wildcards, or use the ruleorder directive.
Wildcards:
	ichor: frag_distro=90_150,library=lib003
	ichor_nopon: frag_distro=90_150,library=lib003
Expected input files:
	ichor: test/wig/lib003_frag90_150.wig test/wig/pon_median.rds
	ichor_nopon: test/wig/lib003_frag90_150.wig test/wig/pon_median.rdsExpected output files:
	ichor: test/ichor/lib003_frag90_150.cna.seg
	ichor_nopon: test/ichor/lib003_frag90_150.cna.seg
unlocking
removed all locks
