Building DAG of jobs...
Using shell: /bin/bash
Provided cores: 4
Rules claiming more threads will be scaled down.
Job stats:
job           count    min threads    max threads
----------  -------  -------------  -------------
all               1              1              1
bam_to_wig        3              1              1
total             4              1              1

Resources before job selection: {'_cores': 4, '_nodes': 9223372036854775807}
Ready jobs (3):
	bam_to_wig
	bam_to_wig
	bam_to_wig
Select jobs to execute...
Selected jobs (3):
	bam_to_wig
	bam_to_wig
	bam_to_wig
Resources after job selection: {'_cores': 1, '_nodes': 9223372036854775804}

[Tue Aug 23 10:33:10 2022]
rule bam_to_wig:
    input: /home/jeszyman/repos/cfdna-cna/test/bam/frag/lib004_frag90_150.bam
    output: test/wig/lib004_frag90_150.wig
    jobid: 6
    wildcards: library=lib004, frag_distro=90_150
    resources: tmpdir=/tmp


        /opt/hmmcopy_utils/bin/readCounter --window 1000000 --quality 20         --chromosome chr1,chr2,chr3,chr4,chr5,chr6,chr7,chr8,chr9,chr10,chr11,chr12,chr13,chr14,chr15,chr16,chr17,chr18,chr19,chr20,chr21,chr22,chrX,chrY         /home/jeszyman/repos/cfdna-cna/test/bam/frag/lib004_frag90_150.bam > test/wig/lib004_frag90_150.wig
        
 singularity  exec --home /home/jeszyman/repos/cfdna-cna --bind /home/jeszyman:/home/jeszyman --bind /mnt:/mnt --bind /opt/miniconda3/envs/snakemake/lib/python3.9/site-packages:/mnt/snakemake /home/jeszyman/sing_containers/cfdna_wgs.1.0.0.sif bash -c '/opt/hmmcopy_utils/bin/readCounter --window 1000000 --quality 20         --chromosome chr1,chr2,chr3,chr4,chr5,chr6,chr7,chr8,chr9,chr10,chr11,chr12,chr13,chr14,chr15,chr16,chr17,chr18,chr19,chr20,chr21,chr22,chrX,chrY         /home/jeszyman/repos/cfdna-cna/test/bam/frag/lib004_frag90_150.bam > test/wig/lib004_frag90_150.wig'
Activating singularity image /home/jeszyman/sing_containers/cfdna_wgs.1.0.0.sif

[Tue Aug 23 10:33:10 2022]
rule bam_to_wig:
    input: /home/jeszyman/repos/cfdna-cna/test/bam/frag/lib005_frag90_150.bam
    output: test/wig/lib005_frag90_150.wig
    jobid: 7
    wildcards: library=lib005, frag_distro=90_150
    resources: tmpdir=/tmp


        /opt/hmmcopy_utils/bin/readCounter --window 1000000 --quality 20         --chromosome chr1,chr2,chr3,chr4,chr5,chr6,chr7,chr8,chr9,chr10,chr11,chr12,chr13,chr14,chr15,chr16,chr17,chr18,chr19,chr20,chr21,chr22,chrX,chrY         /home/jeszyman/repos/cfdna-cna/test/bam/frag/lib005_frag90_150.bam > test/wig/lib005_frag90_150.wig
        
 singularity  exec --home /home/jeszyman/repos/cfdna-cna --bind /home/jeszyman:/home/jeszyman --bind /mnt:/mnt --bind /opt/miniconda3/envs/snakemake/lib/python3.9/site-packages:/mnt/snakemake /home/jeszyman/sing_containers/cfdna_wgs.1.0.0.sif bash -c '/opt/hmmcopy_utils/bin/readCounter --window 1000000 --quality 20         --chromosome chr1,chr2,chr3,chr4,chr5,chr6,chr7,chr8,chr9,chr10,chr11,chr12,chr13,chr14,chr15,chr16,chr17,chr18,chr19,chr20,chr21,chr22,chrX,chrY         /home/jeszyman/repos/cfdna-cna/test/bam/frag/lib005_frag90_150.bam > test/wig/lib005_frag90_150.wig'
Activating singularity image /home/jeszyman/sing_containers/cfdna_wgs.1.0.0.sif

[Tue Aug 23 10:33:10 2022]
rule bam_to_wig:
    input: /home/jeszyman/repos/cfdna-cna/test/bam/frag/lib003_frag90_150.bam
    output: test/wig/lib003_frag90_150.wig
    jobid: 5
    wildcards: library=lib003, frag_distro=90_150
    resources: tmpdir=/tmp


        /opt/hmmcopy_utils/bin/readCounter --window 1000000 --quality 20         --chromosome chr1,chr2,chr3,chr4,chr5,chr6,chr7,chr8,chr9,chr10,chr11,chr12,chr13,chr14,chr15,chr16,chr17,chr18,chr19,chr20,chr21,chr22,chrX,chrY         /home/jeszyman/repos/cfdna-cna/test/bam/frag/lib003_frag90_150.bam > test/wig/lib003_frag90_150.wig
        
 singularity  exec --home /home/jeszyman/repos/cfdna-cna --bind /home/jeszyman:/home/jeszyman --bind /mnt:/mnt --bind /opt/miniconda3/envs/snakemake/lib/python3.9/site-packages:/mnt/snakemake /home/jeszyman/sing_containers/cfdna_wgs.1.0.0.sif bash -c '/opt/hmmcopy_utils/bin/readCounter --window 1000000 --quality 20         --chromosome chr1,chr2,chr3,chr4,chr5,chr6,chr7,chr8,chr9,chr10,chr11,chr12,chr13,chr14,chr15,chr16,chr17,chr18,chr19,chr20,chr21,chr22,chrX,chrY         /home/jeszyman/repos/cfdna-cna/test/bam/frag/lib003_frag90_150.bam > test/wig/lib003_frag90_150.wig'
Activating singularity image /home/jeszyman/sing_containers/cfdna_wgs.1.0.0.sif
[Tue Aug 23 10:33:10 2022]
Finished job 6.
1 of 4 steps (25%) done
[Tue Aug 23 10:33:10 2022]
Finished job 5.
2 of 4 steps (50%) done
[Tue Aug 23 10:33:11 2022]
Finished job 7.
3 of 4 steps (75%) done
Resources before job selection: {'_cores': 4, '_nodes': 9223372036854775807}
Ready jobs (1):
	all
Select jobs to execute...
Selected jobs (1):
	all
Resources after job selection: {'_cores': 3, '_nodes': 9223372036854775806}

[Tue Aug 23 10:33:11 2022]
localrule all:
    input: /home/jeszyman/repos/cfdna-cna/test/bam/frag/lib003_frag90_150.bam, /home/jeszyman/repos/cfdna-cna/test/bam/frag/lib004_frag90_150.bam, /home/jeszyman/repos/cfdna-cna/test/bam/frag/lib005_frag90_150.bam, /home/jeszyman/repos/cfdna-cna/test/bam/frag/lib006_frag90_150.bam, test/wig/lib003_frag90_150.wig, test/wig/lib004_frag90_150.wig, test/wig/lib005_frag90_150.wig, test/wig/lib006_frag90_150.wig
    jobid: 0
    resources: tmpdir=/tmp

[Tue Aug 23 10:33:11 2022]
Finished job 0.
4 of 4 steps (100%) done
Complete log: /home/jeszyman/repos/cfdna-cna/.snakemake/log/2022-08-23T103310.412577.snakemake.log
unlocking
removing lock
removing lock
removed all locks
